Using pre-set license
Built from '2020.3/staging' branch; Version is '2020.3.45f1 (660cd1701bd5) revision 6687953'; Using compiler version '192528614'; Build Type 'Release'
OS: 'Windows 11  (10.0.22621) 64bit Professional' Language: 'es' Physical Memory: 23967 MB
BatchMode: 1, IsHumanControllingUs: 0, StartBugReporterOnCrash: 0, Is64bit: 1, IsPro: 0

COMMAND LINE ARGUMENTS:
C:\Program Files\Unity\Hub\Editor\2020.3.45f1\Editor\Unity.exe
-adb2
-batchMode
-noUpm
-name
AssetImportWorker0
-projectPath
C:/Users/roghe/VR/Proyecto/Proyecto-TSIC3/ProyectoRogelioHernandez
-logFile
Logs/AssetImportWorker0.log
-srvPort
53159
Successfully changed project path to: C:/Users/roghe/VR/Proyecto/Proyecto-TSIC3/ProyectoRogelioHernandez
C:/Users/roghe/VR/Proyecto/Proyecto-TSIC3/ProyectoRogelioHernandez
Using Asset Import Pipeline V2.
Player connection [19824] Host "[IP] 192.168.1.119 [Port] 1073959264 [Flags] 2 [Guid] 3377658068 [EditorId] 3377658068 [Version] 1048832 [Id] WindowsEditor(7,roghe) [Debug] 1 [PackageName] WindowsEditor [ProjectName] Editor" joined multi-casting on [225.0.0.222:54997]...

Player connection [19824] Host "[IP] 192.168.1.119 [Port] 1073959264 [Flags] 2 [Guid] 3377658068 [EditorId] 3377658068 [Version] 1048832 [Id] WindowsEditor(7,roghe) [Debug] 1 [PackageName] WindowsEditor [ProjectName] Editor" joined alternative multi-casting on [225.0.0.222:34997]...

Refreshing native plugins compatible for Editor in 40.90 ms, found 4 plugins.
Preloading 1 native plugins for Editor in 1.13 ms.
Initialize engine version: 2020.3.45f1 (660cd1701bd5)
[Subsystems] Discovering subsystems at path C:/Program Files/Unity/Hub/Editor/2020.3.45f1/Editor/Data/Resources/UnitySubsystems
[Subsystems] Discovering subsystems at path C:/Users/roghe/VR/Proyecto/Proyecto-TSIC3/ProyectoRogelioHernandez/Assets
GfxDevice: creating device client; threaded=0
Direct3D:
    Version:  Direct3D 11.0 [level 11.1]
    Renderer: NVIDIA GeForce RTX 3050 Laptop GPU (ID=0x25a2)
    Vendor:   
    VRAM:     3977 MB
    Driver:   31.0.15.3179
Shader 'PointClouds/PointSplat': fallback shader 'PointClouds/PointSplatLegacy' not found
Initialize mono
Mono path[0] = 'C:/Program Files/Unity/Hub/Editor/2020.3.45f1/Editor/Data/Managed'
Mono path[1] = 'C:/Program Files/Unity/Hub/Editor/2020.3.45f1/Editor/Data/MonoBleedingEdge/lib/mono/unityjit'
Mono config path = 'C:/Program Files/Unity/Hub/Editor/2020.3.45f1/Editor/Data/MonoBleedingEdge/etc'
Using monoOptions --debugger-agent=transport=dt_socket,embedding=1,server=y,suspend=n,address=127.0.0.1:56636
Begin MonoManager ReloadAssembly
Registering precompiled unity dll's ...
Register platform support module: C:/Program Files/Unity/Hub/Editor/2020.3.45f1/Editor/Data/PlaybackEngines/WindowsStandaloneSupport/UnityEditor.WindowsStandalone.Extensions.dll
Registered in 0.002045 seconds.
Native extension for WindowsStandalone target not found
Refreshing native plugins compatible for Editor in 28.90 ms, found 4 plugins.
Preloading 1 native plugins for Editor in 0.05 ms.
Mono: successfully reloaded assembly
- Completed reload, in  0.493 seconds
Domain Reload Profiling:
	ReloadAssembly (494ms)
		BeginReloadAssembly (52ms)
			ExecutionOrderSort (0ms)
			DisableScriptedObjects (0ms)
			BackupInstance (0ms)
			ReleaseScriptingObjects (0ms)
			CreateAndSetChildDomain (1ms)
		EndReloadAssembly (375ms)
			LoadAssemblies (50ms)
			RebuildTransferFunctionScriptingTraits (0ms)
			SetupTypeCache (112ms)
			ReleaseScriptCaches (0ms)
			RebuildScriptCaches (30ms)
			SetupLoadedEditorAssemblies (136ms)
				LogAssemblyErrors (0ms)
				InitializePlatformSupportModulesInManaged (4ms)
				SetLoadedEditorAssemblies (0ms)
				RefreshPlugins (29ms)
				BeforeProcessingInitializeOnLoad (11ms)
				ProcessInitializeOnLoadAttributes (69ms)
				ProcessInitializeOnLoadMethodAttributes (23ms)
				AfterProcessingInitializeOnLoad (0ms)
				EditorAssembliesLoaded (0ms)
			ExecutionOrderSort2 (0ms)
			AwakeInstancesAfterBackupRestoration (0ms)
Platform modules already initialized, skipping
Registering precompiled user dll's ...
Registered in 0.006610 seconds.
Begin MonoManager ReloadAssembly
Native extension for WindowsStandalone target not found
Refreshing native plugins compatible for Editor in 0.57 ms, found 4 plugins.
Preloading 1 native plugins for Editor in 0.06 ms.
System.NullReferenceException: Object reference not set to an instance of an object
  at Vuforia.EditorClasses.ExtensionTypeProvider.GetVuforiaPackageAbsPath () [0x0004a] in <a6afc08737454b11bbcd4cac94f8cab8>:0 
  at Vuforia.EditorClasses.ExtensionTypeProvider.IsPackageManager () [0x00000] in <a6afc08737454b11bbcd4cac94f8cab8>:0 
  at Vuforia.EditorClasses.ExtensionTypeProvider.ResolvePluginType () [0x00009] in <a6afc08737454b11bbcd4cac94f8cab8>:0 
  at Vuforia.EditorClasses.ExtensionTypeProvider.GetPluginType () [0x0000c] in <a6afc08737454b11bbcd4cac94f8cab8>:0 
  at Vuforia.EditorClasses.VuforiaUtilities.IsVuforiaEnabledInPlayerSettings () [0x00000] in <a6afc08737454b11bbcd4cac94f8cab8>:0 
  at VuforiaEnabledObserver..cctor () [0x00000] in <a6afc08737454b11bbcd4cac94f8cab8>:0 
UnityEngine.StackTraceUtility:ExtractStackTrace ()
UnityEngine.DebugLogHandler:LogFormat (UnityEngine.LogType,UnityEngine.Object,string,object[])
UnityEngine.Logger:Log (UnityEngine.LogType,object)
UnityEngine.Debug:LogError (object)
UnityEditor.EditorAssemblies:ProcessInitializeOnLoadAttributes (System.Type[])

System.NullReferenceException: Object reference not set to an instance of an object
  at Vuforia.EditorClasses.ExtensionTypeProvider.GetVuforiaPackageAbsPath () [0x0004a] in <a6afc08737454b11bbcd4cac94f8cab8>:0 
  at Vuforia.EditorClasses.ExtensionTypeProvider.IsPackageManager () [0x00000] in <a6afc08737454b11bbcd4cac94f8cab8>:0 
  at Vuforia.EditorClasses.ExtensionTypeProvider.ResolvePluginType () [0x00009] in <a6afc08737454b11bbcd4cac94f8cab8>:0 
  at Vuforia.EditorClasses.ExtensionTypeProvider.GetPluginType () [0x0000c] in <a6afc08737454b11bbcd4cac94f8cab8>:0 
  at Vuforia.EditorClasses.VuforiaUtilities.IsVuforiaEnabledInPlayerSettings () [0x00000] in <a6afc08737454b11bbcd4cac94f8cab8>:0 
  at Vuforia.EditorClasses.InitializeOnLoadVuforiaTaskRunner..cctor () [0x00015] in <a6afc08737454b11bbcd4cac94f8cab8>:0 
UnityEngine.StackTraceUtility:ExtractStackTrace ()
UnityEngine.DebugLogHandler:LogFormat (UnityEngine.LogType,UnityEngine.Object,string,object[])
UnityEngine.Logger:Log (UnityEngine.LogType,object)
UnityEngine.Debug:LogError (object)
UnityEditor.EditorAssemblies:ProcessInitializeOnLoadAttributes (System.Type[])

Mono: successfully reloaded assembly
- Completed reload, in  0.922 seconds
Domain Reload Profiling:
	ReloadAssembly (923ms)
		BeginReloadAssembly (121ms)
			ExecutionOrderSort (0ms)
			DisableScriptedObjects (4ms)
			BackupInstance (0ms)
			ReleaseScriptingObjects (0ms)
			CreateAndSetChildDomain (17ms)
		EndReloadAssembly (751ms)
			LoadAssemblies (81ms)
			RebuildTransferFunctionScriptingTraits (0ms)
			SetupTypeCache (228ms)
			ReleaseScriptCaches (0ms)
			RebuildScriptCaches (39ms)
			SetupLoadedEditorAssemblies (334ms)
				LogAssemblyErrors (0ms)
				InitializePlatformSupportModulesInManaged (4ms)
				SetLoadedEditorAssemblies (0ms)
				RefreshPlugins (1ms)
				BeforeProcessingInitializeOnLoad (80ms)
				ProcessInitializeOnLoadAttributes (237ms)
				ProcessInitializeOnLoadMethodAttributes (7ms)
				AfterProcessingInitializeOnLoad (5ms)
				EditorAssembliesLoaded (0ms)
			ExecutionOrderSort2 (0ms)
			AwakeInstancesAfterBackupRestoration (2ms)
Platform modules already initialized, skipping
========================================================================
Worker process is ready to serve import requests
Shader 'PointClouds/PointSplat': fallback shader 'PointClouds/PointSplatLegacy' not found
Launched and connected shader compiler UnityShaderCompiler.exe after 0.05 seconds
Refreshing native plugins compatible for Editor in 0.54 ms, found 4 plugins.
Preloading 1 native plugins for Editor in 0.06 ms.
Unloading 1636 Unused Serialized files (Serialized files now loaded: 0)
System memory in use before: 77.5 MB.
System memory in use after: 77.6 MB.

Unloading 48 unused Assets to reduce memory usage. Loaded Objects now: 2334.
Total: 2.623800 ms (FindLiveObjects: 0.160300 ms CreateObjectMapping: 0.048800 ms MarkObjects: 2.329700 ms  DeleteObjects: 0.084000 ms)

AssetImportParameters requested are different than current active one (requested -> active):
  custom:framework-win-MediaFoundation: 216162199b28c13a410421893ffa2e32 -> 
  custom:video-decoder-ogg-theora: a1e56fd34408186e4bbccfd4996cb3dc -> 
  custom:container-muxer-webm: aa71ff27fc2769a1b78a27578f13a17b -> 
  custom:container-demuxer-webm: 4f35f7cbe854078d1ac9338744f61a02 -> 
  custom:container-demuxer-ogg: 62fdf1f143b41e24485cea50d1cbac27 -> 
  custom:video-encoder-webm-vp8: eb34c28f22e8b96e1ab97ce403110664 -> 
  custom:video-codec-MediaFoundation-h265: 746d11721c4dcdbdad8f713fa42b33f4 -> 
  custom:video-decoder-webm-vp8: 9c59270c3fd7afecdb556c50c9e8de78 -> 
  custom:audio-decoder-ogg-vorbis: bf7c407c2cedff20999df2af8eb42d56 -> 
  custom:audio-encoder-webm-vorbis: bf7c407c2cedff20999df2af8eb42d56 -> 
========================================================================
Received Import Request.
  path: Assets/ScriptableObjects/New Food.asset
  artifactKey: Guid(3d056a48957518b4d88b45ce190abce0) Importer(815301076,1909f56bfc062723c751e8b465ee728b)
Start importing Assets/ScriptableObjects/New Food.asset using Guid(3d056a48957518b4d88b45ce190abce0) Importer(815301076,1909f56bfc062723c751e8b465ee728b)  -> (artifact id: 'f52f5780a09fb0ad20cb3becace3ca31') in 0.060306 seconds 
========================================================================
Received Import Request.
  Time since last request: 1.652865 seconds.
  path: Assets/ScriptableObjects/New Food 1.asset
  artifactKey: Guid(bf701103adb5e9e4faa3c519788e68df) Importer(815301076,1909f56bfc062723c751e8b465ee728b)
Start importing Assets/ScriptableObjects/New Food 1.asset using Guid(bf701103adb5e9e4faa3c519788e68df) Importer(815301076,1909f56bfc062723c751e8b465ee728b)  -> (artifact id: '27f680f33a81a6a77e74c60c8ec14cbe') in 0.006695 seconds 
========================================================================
Received Import Request.
  Time since last request: 1.650606 seconds.
  path: Assets/ScriptableObjects/New Food 2.asset
  artifactKey: Guid(f462d4d434ac050428f5757c5f6b2ee8) Importer(815301076,1909f56bfc062723c751e8b465ee728b)
Start importing Assets/ScriptableObjects/New Food 2.asset using Guid(f462d4d434ac050428f5757c5f6b2ee8) Importer(815301076,1909f56bfc062723c751e8b465ee728b)  -> (artifact id: 'e34229ffcaac03c2fb6392f5e9c42812') in 0.006707 seconds 
========================================================================
Received Import Request.
  Time since last request: 0.387723 seconds.
  path: Assets/ScriptableObjects/New Food 3.asset
  artifactKey: Guid(0554a623cfd114a4b9e46711ff209b59) Importer(815301076,1909f56bfc062723c751e8b465ee728b)
Start importing Assets/ScriptableObjects/New Food 3.asset using Guid(0554a623cfd114a4b9e46711ff209b59) Importer(815301076,1909f56bfc062723c751e8b465ee728b)  -> (artifact id: 'c355fd9ddc9a784aef9ac5ec495adc87') in 0.006347 seconds 
========================================================================
Received Import Request.
  Time since last request: 0.510713 seconds.
  path: Assets/ScriptableObjects/New Food 4.asset
  artifactKey: Guid(d19d878e04f47914f9be00d18a406532) Importer(815301076,1909f56bfc062723c751e8b465ee728b)
Start importing Assets/ScriptableObjects/New Food 4.asset using Guid(d19d878e04f47914f9be00d18a406532) Importer(815301076,1909f56bfc062723c751e8b465ee728b)  -> (artifact id: 'c513238bc3d190a4df4e520de6890974') in 0.007294 seconds 
========================================================================
Received Import Request.
  Time since last request: 0.614710 seconds.
  path: Assets/ScriptableObjects/New Food 5.asset
  artifactKey: Guid(6148c4c332de9a84ca75a5beeb49d612) Importer(815301076,1909f56bfc062723c751e8b465ee728b)
Start importing Assets/ScriptableObjects/New Food 5.asset using Guid(6148c4c332de9a84ca75a5beeb49d612) Importer(815301076,1909f56bfc062723c751e8b465ee728b)  -> (artifact id: '7ff1bbfb10f00b5c8892bad4fc65b931') in 0.007308 seconds 
========================================================================
Received Import Request.
  Time since last request: 0.722179 seconds.
  path: Assets/ScriptableObjects/New Food 6.asset
  artifactKey: Guid(f4fbbe0584c869748b24dd83df92a664) Importer(815301076,1909f56bfc062723c751e8b465ee728b)
Start importing Assets/ScriptableObjects/New Food 6.asset using Guid(f4fbbe0584c869748b24dd83df92a664) Importer(815301076,1909f56bfc062723c751e8b465ee728b)  -> (artifact id: 'ad7196c464570ec092035fd3ee1aa543') in 0.006646 seconds 
========================================================================
Received Import Request.
  Time since last request: 0.392707 seconds.
  path: Assets/ScriptableObjects/New Food 7.asset
  artifactKey: Guid(e791542887f7957498872aa0bd8454b2) Importer(815301076,1909f56bfc062723c751e8b465ee728b)
Start importing Assets/ScriptableObjects/New Food 7.asset using Guid(e791542887f7957498872aa0bd8454b2) Importer(815301076,1909f56bfc062723c751e8b465ee728b)  -> (artifact id: '95674a8a62c48fcefe56c447b8fd8b32') in 0.006553 seconds 
========================================================================
Received Import Request.
  Time since last request: 116.705244 seconds.
  path: Assets/ScriptableObjects/Bowl of pork.asset
  artifactKey: Guid(bf701103adb5e9e4faa3c519788e68df) Importer(815301076,1909f56bfc062723c751e8b465ee728b)
Start importing Assets/ScriptableObjects/Bowl of pork.asset using Guid(bf701103adb5e9e4faa3c519788e68df) Importer(815301076,1909f56bfc062723c751e8b465ee728b)  -> (artifact id: '45e5d999fcbf1643494234c09f41b8d3') in 0.007725 seconds 
========================================================================
Received Import Request.
  Time since last request: 5.502067 seconds.
  path: Assets/ScriptableObjects/Burger.asset
  artifactKey: Guid(f462d4d434ac050428f5757c5f6b2ee8) Importer(815301076,1909f56bfc062723c751e8b465ee728b)
Start importing Assets/ScriptableObjects/Burger.asset using Guid(f462d4d434ac050428f5757c5f6b2ee8) Importer(815301076,1909f56bfc062723c751e8b465ee728b)  -> (artifact id: '485bbeeaec380ca13383e1261bf6ebd9') in 0.006982 seconds 
========================================================================
Received Import Request.
  Time since last request: 9.717500 seconds.
  path: Assets/ScriptableObjects/Cupcake.asset
  artifactKey: Guid(0554a623cfd114a4b9e46711ff209b59) Importer(815301076,1909f56bfc062723c751e8b465ee728b)
Start importing Assets/ScriptableObjects/Cupcake.asset using Guid(0554a623cfd114a4b9e46711ff209b59) Importer(815301076,1909f56bfc062723c751e8b465ee728b)  -> (artifact id: 'a747526ae6752bfad71b27d051420312') in 0.006314 seconds 
========================================================================
Received Import Request.
  Time since last request: 11.999159 seconds.
  path: Assets/ScriptableObjects/Hot chocolate.asset
  artifactKey: Guid(d19d878e04f47914f9be00d18a406532) Importer(815301076,1909f56bfc062723c751e8b465ee728b)
Start importing Assets/ScriptableObjects/Hot chocolate.asset using Guid(d19d878e04f47914f9be00d18a406532) Importer(815301076,1909f56bfc062723c751e8b465ee728b)  -> (artifact id: 'f94f9ca839ab74d1d74bd6ce3501dc10') in 0.006913 seconds 
========================================================================
Received Import Request.
  Time since last request: 7.284148 seconds.
  path: Assets/ScriptableObjects/Latte.asset
  artifactKey: Guid(6148c4c332de9a84ca75a5beeb49d612) Importer(815301076,1909f56bfc062723c751e8b465ee728b)
Start importing Assets/ScriptableObjects/Latte.asset using Guid(6148c4c332de9a84ca75a5beeb49d612) Importer(815301076,1909f56bfc062723c751e8b465ee728b)  -> (artifact id: '8742d31044a628f64700cc3470be5b72') in 0.006727 seconds 
========================================================================
Received Import Request.
  Time since last request: 5.813236 seconds.
  path: Assets/ScriptableObjects/Muffin.asset
  artifactKey: Guid(f4fbbe0584c869748b24dd83df92a664) Importer(815301076,1909f56bfc062723c751e8b465ee728b)
Start importing Assets/ScriptableObjects/Muffin.asset using Guid(f4fbbe0584c869748b24dd83df92a664) Importer(815301076,1909f56bfc062723c751e8b465ee728b)  -> (artifact id: '021daf7fc0443c9558377bd758524e14') in 0.007213 seconds 
========================================================================
Received Import Request.
  Time since last request: 7.712866 seconds.
  path: Assets/ScriptableObjects/Pancake.asset
  artifactKey: Guid(e791542887f7957498872aa0bd8454b2) Importer(815301076,1909f56bfc062723c751e8b465ee728b)
Start importing Assets/ScriptableObjects/Pancake.asset using Guid(e791542887f7957498872aa0bd8454b2) Importer(815301076,1909f56bfc062723c751e8b465ee728b)  -> (artifact id: 'b4e27c4151dfca576644b12cc1ac6cb9') in 0.006657 seconds 
========================================================================
Received Import Request.
  Time since last request: 9.263746 seconds.
  path: Assets/ScriptableObjects/Rollos.asset
  artifactKey: Guid(3d056a48957518b4d88b45ce190abce0) Importer(815301076,1909f56bfc062723c751e8b465ee728b)
Start importing Assets/ScriptableObjects/Rollos.asset using Guid(3d056a48957518b4d88b45ce190abce0) Importer(815301076,1909f56bfc062723c751e8b465ee728b)  -> (artifact id: 'fd44e118a35dd055af13ab0925b4f642') in 0.006175 seconds 
========================================================================
Received Import Request.
  Time since last request: 185.541707 seconds.
  path: Assets/Models/3D/Bowl of pork_textures
  artifactKey: Guid(4ab58d872a9c51c47ab038052db0e618) Importer(815301076,1909f56bfc062723c751e8b465ee728b)
Start importing Assets/Models/3D/Bowl of pork_textures using Guid(4ab58d872a9c51c47ab038052db0e618) Importer(815301076,1909f56bfc062723c751e8b465ee728b)  -> (artifact id: 'f9402508e09fa84e2c7d7fc473e3b897') in 0.006620 seconds 
========================================================================
Received Import Request.
  Time since last request: 1.984139 seconds.
  path: Assets/Models/3D/Bowl of pork_textures/Bowl_Model
  artifactKey: Guid(5896d5a58527131449e248ea5db75e20) Importer(815301076,1909f56bfc062723c751e8b465ee728b)
Start importing Assets/Models/3D/Bowl of pork_textures/Bowl_Model using Guid(5896d5a58527131449e248ea5db75e20) Importer(815301076,1909f56bfc062723c751e8b465ee728b)  -> (artifact id: 'dd0b59e6c4fa4587892b347b6b63acfb') in 0.006819 seconds 
========================================================================
Received Import Request.
  Time since last request: 0.078215 seconds.
  path: Assets/Models/3D/Bowl of pork_textures/Bowl_Model/Bowl.fbx
  artifactKey: Guid(7a893df11d6fe834fbed62aa9ec1fdab) Importer(815301076,1909f56bfc062723c751e8b465ee728b)
Start importing Assets/Models/3D/Bowl of pork_textures/Bowl_Model/Bowl.fbx using Guid(7a893df11d6fe834fbed62aa9ec1fdab) Importer(815301076,1909f56bfc062723c751e8b465ee728b)  -> (artifact id: '63dc2261a845a2e431fff0086adbd804') in 0.204599 seconds 
========================================================================
Received Import Request.
  Time since last request: 15.494240 seconds.
  path: Assets/Models/3D/Bowl of pork_textures/Bowl_Model/Bowl.fbx
  artifactKey: Guid(7a893df11d6fe834fbed62aa9ec1fdab) Importer(815301076,1909f56bfc062723c751e8b465ee728b)
Start importing Assets/Models/3D/Bowl of pork_textures/Bowl_Model/Bowl.fbx using Guid(7a893df11d6fe834fbed62aa9ec1fdab) Importer(815301076,1909f56bfc062723c751e8b465ee728b)  -> (artifact id: '06237dada25ea4af0f7fd71d16cb21b1') in 0.086934 seconds 
========================================================================
Received Import Request.
  Time since last request: 5.402803 seconds.
  path: Assets/Models/2D/Bowl of pork_textures/bowl_co.png
  artifactKey: Guid(4c34f7ca754f13e44bdf22ca938a5b70) Importer(815301076,1909f56bfc062723c751e8b465ee728b)
Start importing Assets/Models/2D/Bowl of pork_textures/bowl_co.png using Guid(4c34f7ca754f13e44bdf22ca938a5b70) Importer(815301076,1909f56bfc062723c751e8b465ee728b)  -> (artifact id: '777706353da7c21fea1ea610e0553e31') in 0.091395 seconds 
========================================================================
Received Import Request.
  Time since last request: 0.000203 seconds.
  path: Assets/Models/2D/Bowl of pork_textures/porkstew_DefaultMaterial_BaseColor_sRGB.png
  artifactKey: Guid(2057caf75384a9543ad646f5e5eff1f1) Importer(815301076,1909f56bfc062723c751e8b465ee728b)
Start importing Assets/Models/2D/Bowl of pork_textures/porkstew_DefaultMaterial_BaseColor_sRGB.png using Guid(2057caf75384a9543ad646f5e5eff1f1) Importer(815301076,1909f56bfc062723c751e8b465ee728b)  -> (artifact id: 'b2803e0c8ec2daf9b16fd3c972c4a7bb') in 0.030640 seconds 
========================================================================
Received Import Request.
  Time since last request: 0.000146 seconds.
  path: Assets/Models/2D/Bowl of pork_textures/Material.001.mat
  artifactKey: Guid(07030ccf391a5ca40878267cb1f5c4b6) Importer(815301076,1909f56bfc062723c751e8b465ee728b)
Start importing Assets/Models/2D/Bowl of pork_textures/Material.001.mat using Guid(07030ccf391a5ca40878267cb1f5c4b6) Importer(815301076,1909f56bfc062723c751e8b465ee728b)  -> (artifact id: 'f41b464a770276e36c670f486b83c3e4') in 0.064516 seconds 
========================================================================
Received Import Request.
  Time since last request: 0.000146 seconds.
  path: Assets/Models/2D/Bowl of pork_textures/bowl_rough.png
  artifactKey: Guid(66d46e665f74c704099bf3ff6e75d6d8) Importer(815301076,1909f56bfc062723c751e8b465ee728b)
Start importing Assets/Models/2D/Bowl of pork_textures/bowl_rough.png using Guid(66d46e665f74c704099bf3ff6e75d6d8) Importer(815301076,1909f56bfc062723c751e8b465ee728b)  -> (artifact id: '2b7df1e92fd9ac79d0beae1e11917a23') in 0.032156 seconds 
========================================================================
Received Import Request.
  Time since last request: 0.000186 seconds.
  path: Assets/Models/2D/Bowl of pork_textures/Material.002.mat
  artifactKey: Guid(4d738ae0e3d17f24bac9d4ad6ca70f29) Importer(815301076,1909f56bfc062723c751e8b465ee728b)
Start importing Assets/Models/2D/Bowl of pork_textures/Material.002.mat using Guid(4d738ae0e3d17f24bac9d4ad6ca70f29) Importer(815301076,1909f56bfc062723c751e8b465ee728b)  -> (artifact id: 'f332066fcd47e8f93941ac596cc70763') in 0.039584 seconds 
========================================================================
Received Import Request.
  Time since last request: 0.000183 seconds.
  path: Assets/Models/2D/Bowl of pork_textures/porkstew_DefaultMaterial_Normal_Raw.png
  artifactKey: Guid(24cb81ce95b1f6542a60e4cdcbf2d436) Importer(815301076,1909f56bfc062723c751e8b465ee728b)
Start importing Assets/Models/2D/Bowl of pork_textures/porkstew_DefaultMaterial_Normal_Raw.png using Guid(24cb81ce95b1f6542a60e4cdcbf2d436) Importer(815301076,1909f56bfc062723c751e8b465ee728b)  -> (artifact id: '51083b2d26b8fd90e2de8107b8b050c3') in 0.031085 seconds 
========================================================================
Received Import Request.
  Time since last request: 0.000178 seconds.
  path: Assets/Models/2D/Bowl of pork_textures/porkstew_DefaultMaterial_Roughness_Raw.png
  artifactKey: Guid(16f75d1cd5764db4d835618e75ecc05e) Importer(815301076,1909f56bfc062723c751e8b465ee728b)
Start importing Assets/Models/2D/Bowl of pork_textures/porkstew_DefaultMaterial_Roughness_Raw.png using Guid(16f75d1cd5764db4d835618e75ecc05e) Importer(815301076,1909f56bfc062723c751e8b465ee728b)  -> (artifact id: '90fa89ba8b568f86df7f6d428c2f7687') in 0.028591 seconds 
========================================================================
Received Import Request.
  Time since last request: 0.000173 seconds.
  path: Assets/Models/2D/Bowl of pork_textures/bowl_nohq.png
  artifactKey: Guid(46e13526bdfb26345b06d04d346000e9) Importer(815301076,1909f56bfc062723c751e8b465ee728b)
Start importing Assets/Models/2D/Bowl of pork_textures/bowl_nohq.png using Guid(46e13526bdfb26345b06d04d346000e9) Importer(815301076,1909f56bfc062723c751e8b465ee728b)  -> (artifact id: 'f37ffe80043d6f2b55fd7713300877f7') in 0.041534 seconds 
========================================================================
Received Import Request.
  Time since last request: 57.829895 seconds.
  path: Assets/Models/2D/Bowl of pork_textures/bowl_nohq.png
  artifactKey: Guid(46e13526bdfb26345b06d04d346000e9) Importer(815301076,1909f56bfc062723c751e8b465ee728b)
Start importing Assets/Models/2D/Bowl of pork_textures/bowl_nohq.png using Guid(46e13526bdfb26345b06d04d346000e9) Importer(815301076,1909f56bfc062723c751e8b465ee728b)  -> (artifact id: 'd4ccb0a656155d69e9d138cc5bcd5e51') in 0.027773 seconds 
========================================================================
Received Import Request.
  Time since last request: 108.387443 seconds.
  path: Assets/Models/2D/Bowl of pork_textures
  artifactKey: Guid(976f7c099176f2e4eaaef4e7c91daba9) Importer(815301076,1909f56bfc062723c751e8b465ee728b)
Start importing Assets/Models/2D/Bowl of pork_textures using Guid(976f7c099176f2e4eaaef4e7c91daba9) Importer(815301076,1909f56bfc062723c751e8b465ee728b)  -> (artifact id: '441f812afdc29c0a2317967102c029df') in 0.002657 seconds 
========================================================================
Received Import Request.
  Time since last request: 69.998132 seconds.
  path: Assets/Prefabs/Bowl.prefab
  artifactKey: Guid(9d7cfed04539b364db4ef58cbe94949e) Importer(815301076,1909f56bfc062723c751e8b465ee728b)
Start importing Assets/Prefabs/Bowl.prefab using Guid(9d7cfed04539b364db4ef58cbe94949e) Importer(815301076,1909f56bfc062723c751e8b465ee728b)  -> (artifact id: 'e81f2bf9a8e3c0473987155b1d5e038c') in 0.040032 seconds 
========================================================================
Received Import Request.
  Time since last request: 278.276482 seconds.
  path: Assets/Models/2D/Pizza_Textures/pizza.mat
  artifactKey: Guid(a3e9babaf3327364cab07b1b7f91b55d) Importer(815301076,1909f56bfc062723c751e8b465ee728b)
Start importing Assets/Models/2D/Pizza_Textures/pizza.mat using Guid(a3e9babaf3327364cab07b1b7f91b55d) Importer(815301076,1909f56bfc062723c751e8b465ee728b)  -> (artifact id: '915142fb60294fdfbde9ee71c6029e5d') in 0.182151 seconds 
========================================================================
Received Import Request.
  Time since last request: 202.059923 seconds.
  path: Assets/Prefabs/Pizza.prefab
  artifactKey: Guid(edb20ad0897bf4c42a96a6408932c5dd) Importer(815301076,1909f56bfc062723c751e8b465ee728b)
Start importing Assets/Prefabs/Pizza.prefab using Guid(edb20ad0897bf4c42a96a6408932c5dd) Importer(815301076,1909f56bfc062723c751e8b465ee728b)  -> (artifact id: '6bb1894c34c6983abfc595ba9e004069') in 0.225762 seconds 
========================================================================
Received Import Request.
  Time since last request: 158.807563 seconds.
  path: Assets/Models/3D/Burger
  artifactKey: Guid(b5fa007a2cecd0e41a2fab54e71d1659) Importer(815301076,1909f56bfc062723c751e8b465ee728b)
Start importing Assets/Models/3D/Burger using Guid(b5fa007a2cecd0e41a2fab54e71d1659) Importer(815301076,1909f56bfc062723c751e8b465ee728b)  -> (artifact id: '602b0f93ffb8bb57b9aab26c6051a721') in 0.007032 seconds 
========================================================================
Received Import Request.
  Time since last request: 0.818658 seconds.
  path: Assets/Models/3D/Burger/Burger_Model
  artifactKey: Guid(7d71c30db85674844a728a53a84aaef0) Importer(815301076,1909f56bfc062723c751e8b465ee728b)
Start importing Assets/Models/3D/Burger/Burger_Model using Guid(7d71c30db85674844a728a53a84aaef0) Importer(815301076,1909f56bfc062723c751e8b465ee728b)  -> (artifact id: '198d336ea36db8cdff0e3205fd18be9c') in 0.006823 seconds 
========================================================================
Received Import Request.
  Time since last request: 0.099192 seconds.
  path: Assets/Models/3D/Burger/Burger_Model/Burger_low poly.fbx
  artifactKey: Guid(30a7dfc7f843ded4fa60c3a1ba16c50d) Importer(815301076,1909f56bfc062723c751e8b465ee728b)
Start importing Assets/Models/3D/Burger/Burger_Model/Burger_low poly.fbx using Guid(30a7dfc7f843ded4fa60c3a1ba16c50d) Importer(815301076,1909f56bfc062723c751e8b465ee728b)  -> (artifact id: 'db4903a74b325ea1c92ded88176861d7') in 0.387342 seconds 
========================================================================
Received Import Request.
  Time since last request: 0.000161 seconds.
  path: Assets/Models/3D/Burger/Burger_Model/Burger_Test.fbx
  artifactKey: Guid(d5a8d88cbafab7048a3610439a8d0958) Importer(815301076,1909f56bfc062723c751e8b465ee728b)
Start importing Assets/Models/3D/Burger/Burger_Model/Burger_Test.fbx using Guid(d5a8d88cbafab7048a3610439a8d0958) Importer(815301076,1909f56bfc062723c751e8b465ee728b)  -> (artifact id: 'bfedb76c47133632770c79e2498290d6') in 0.366642 seconds 
========================================================================
Received Import Request.
  Time since last request: 0.000183 seconds.
  path: Assets/Models/3D/Burger/Burger_Model/uploads_files_2465920_burger_merged.obj
  artifactKey: Guid(0e5cbd532f1d71040b4d85460a261993) Importer(815301076,1909f56bfc062723c751e8b465ee728b)
Start importing Assets/Models/3D/Burger/Burger_Model/uploads_files_2465920_burger_merged.obj using Guid(0e5cbd532f1d71040b4d85460a261993) Importer(815301076,1909f56bfc062723c751e8b465ee728b)  -> (artifact id: 'ecfe91ce32579f024298e317d7149497') in 0.060075 seconds 
========================================================================
Received Import Request.
  Time since last request: 6.569797 seconds.
  path: Assets/Models/3D/Burger/Burger_Model/uploads_files_2465920_burger_merged.stl
  artifactKey: Guid(2da59d0e077766546a204eb00c12cb26) Importer(815301076,1909f56bfc062723c751e8b465ee728b)
Start importing Assets/Models/3D/Burger/Burger_Model/uploads_files_2465920_burger_merged.stl using Guid(2da59d0e077766546a204eb00c12cb26) Importer(815301076,1909f56bfc062723c751e8b465ee728b)  -> (artifact id: '20c6e01f74bc270edfb118b3a2e29df0') in 0.005842 seconds 
========================================================================
Received Import Request.
  Time since last request: 82.222364 seconds.
  path: Assets/Models/3D/Burger/Burger_Model/Burger_Test.fbx
  artifactKey: Guid(d5a8d88cbafab7048a3610439a8d0958) Importer(815301076,1909f56bfc062723c751e8b465ee728b)
Start importing Assets/Models/3D/Burger/Burger_Model/Burger_Test.fbx using Guid(d5a8d88cbafab7048a3610439a8d0958) Importer(815301076,1909f56bfc062723c751e8b465ee728b)  -> (artifact id: 'ae4b7dcdf1717d562d29a4882952d289') in 0.375321 seconds 
========================================================================
Received Import Request.
  Time since last request: 41.038090 seconds.
  path: Assets/Models/2D/Burger_Textures
  artifactKey: Guid(e2a93bce20f9d2f4690cc59473a1ce76) Importer(815301076,1909f56bfc062723c751e8b465ee728b)
Start importing Assets/Models/2D/Burger_Textures using Guid(e2a93bce20f9d2f4690cc59473a1ce76) Importer(815301076,1909f56bfc062723c751e8b465ee728b)  -> (artifact id: '2b35fb8771b597e28efa214d535db043') in 0.007260 seconds 
========================================================================
Received Import Request.
  Time since last request: 0.084177 seconds.
  path: Assets/Models/2D/Burger_Textures/bun_lower.mat
  artifactKey: Guid(5e27cf3af89c0e64b9db13c325a0285c) Importer(815301076,1909f56bfc062723c751e8b465ee728b)
Start importing Assets/Models/2D/Burger_Textures/bun_lower.mat using Guid(5e27cf3af89c0e64b9db13c325a0285c) Importer(815301076,1909f56bfc062723c751e8b465ee728b)  -> (artifact id: 'bd869446193222fa7b090679672d88b3') in 0.021250 seconds 
========================================================================
Received Import Request.
  Time since last request: 0.001008 seconds.
  path: Assets/Models/2D/Burger_Textures/pickle.mat
  artifactKey: Guid(1e3c0b5c5620ae94fb4522d23a04df39) Importer(815301076,1909f56bfc062723c751e8b465ee728b)
Start importing Assets/Models/2D/Burger_Textures/pickle.mat using Guid(1e3c0b5c5620ae94fb4522d23a04df39) Importer(815301076,1909f56bfc062723c751e8b465ee728b)  -> (artifact id: '16c73176415ed09d8cd955842778b616') in 0.039508 seconds 
========================================================================
Received Import Request.
  Time since last request: 0.000177 seconds.
  path: Assets/Models/2D/Burger_Textures/lettuce1_Alpha.jpg
  artifactKey: Guid(a99c05409427b6c4d8206163efb89481) Importer(815301076,1909f56bfc062723c751e8b465ee728b)
Start importing Assets/Models/2D/Burger_Textures/lettuce1_Alpha.jpg using Guid(a99c05409427b6c4d8206163efb89481) Importer(815301076,1909f56bfc062723c751e8b465ee728b)  -> (artifact id: '3b00d197ec855ea5d59636f63c731948') in 0.057208 seconds 
========================================================================
Received Import Request.
  Time since last request: 0.000165 seconds.
  path: Assets/Models/2D/Burger_Textures/lettuce2.mat
  artifactKey: Guid(38e0709b562d1004b9c074792eabdaff) Importer(815301076,1909f56bfc062723c751e8b465ee728b)
Start importing Assets/Models/2D/Burger_Textures/lettuce2.mat using Guid(38e0709b562d1004b9c074792eabdaff) Importer(815301076,1909f56bfc062723c751e8b465ee728b)  -> (artifact id: '384c2282fc6f0235bc8458844dd2fa2e') in 0.085604 seconds 
========================================================================
Received Import Request.
  Time since last request: 0.000147 seconds.
  path: Assets/Models/2D/Burger_Textures/cheese.mat
  artifactKey: Guid(dc9736a04923b7d4c8b54ff34d2df415) Importer(815301076,1909f56bfc062723c751e8b465ee728b)
Start importing Assets/Models/2D/Burger_Textures/cheese.mat using Guid(dc9736a04923b7d4c8b54ff34d2df415) Importer(815301076,1909f56bfc062723c751e8b465ee728b)  -> (artifact id: '3409f8990e45ffe5297d1a48bbe6b34a') in 0.014822 seconds 
========================================================================
Received Import Request.
  Time since last request: 0.000188 seconds.
  path: Assets/Models/2D/Burger_Textures/onion_Roughness.jpg
  artifactKey: Guid(9b39d4fe9262a7549ac8592cc0ec84b5) Importer(815301076,1909f56bfc062723c751e8b465ee728b)
Start importing Assets/Models/2D/Burger_Textures/onion_Roughness.jpg using Guid(9b39d4fe9262a7549ac8592cc0ec84b5) Importer(815301076,1909f56bfc062723c751e8b465ee728b)  -> (artifact id: '19e27db4f855748d3bab03b0a7a2f907') in 0.058228 seconds 
========================================================================
Received Import Request.
  Time since last request: 0.000164 seconds.
  path: Assets/Models/2D/Burger_Textures/Burger.png
  artifactKey: Guid(c3e9318b59d6ec546905995448dea3df) Importer(815301076,1909f56bfc062723c751e8b465ee728b)
Start importing Assets/Models/2D/Burger_Textures/Burger.png using Guid(c3e9318b59d6ec546905995448dea3df) Importer(815301076,1909f56bfc062723c751e8b465ee728b)  -> (artifact id: '952ecbee3d23ac08983cec62c7bb0159') in 0.022621 seconds 
========================================================================
Received Import Request.
  Time since last request: 0.000180 seconds.
  path: Assets/Models/2D/Burger_Textures/Bun_Top.tga
  artifactKey: Guid(8834fb8f3ba0d5847b74991cc9fd4922) Importer(815301076,1909f56bfc062723c751e8b465ee728b)
Start importing Assets/Models/2D/Burger_Textures/Bun_Top.tga using Guid(8834fb8f3ba0d5847b74991cc9fd4922) Importer(815301076,1909f56bfc062723c751e8b465ee728b)  -> (artifact id: '5dc1f4ca95e63b3f2458e86b0fc9521b') in 0.061630 seconds 
========================================================================
Received Import Request.
  Time since last request: 0.000149 seconds.
  path: Assets/Models/2D/Burger_Textures/bun_top.mat
  artifactKey: Guid(0ac28e68e9840c9439e8ea8e6e85bf81) Importer(815301076,1909f56bfc062723c751e8b465ee728b)
Start importing Assets/Models/2D/Burger_Textures/bun_top.mat using Guid(0ac28e68e9840c9439e8ea8e6e85bf81) Importer(815301076,1909f56bfc062723c751e8b465ee728b)  -> (artifact id: '52b43e42ab7ac2829af5400e9cad99ca') in 0.022440 seconds 
========================================================================
Received Import Request.
  Time since last request: 0.000162 seconds.
  path: Assets/Models/2D/Burger_Textures/lettuce1_Normal.jpg
  artifactKey: Guid(e583f44904b9a774091237fc63398f11) Importer(815301076,1909f56bfc062723c751e8b465ee728b)
Start importing Assets/Models/2D/Burger_Textures/lettuce1_Normal.jpg using Guid(e583f44904b9a774091237fc63398f11) Importer(815301076,1909f56bfc062723c751e8b465ee728b)  -> (artifact id: '9cff1abc19aee5a82100bb43d6b61974') in 0.056071 seconds 
========================================================================
Received Import Request.
  Time since last request: 0.000158 seconds.
  path: Assets/Models/2D/Burger_Textures/onion_Translucent.jpg
  artifactKey: Guid(3f06727ce80b449418a148486fe64c87) Importer(815301076,1909f56bfc062723c751e8b465ee728b)
Start importing Assets/Models/2D/Burger_Textures/onion_Translucent.jpg using Guid(3f06727ce80b449418a148486fe64c87) Importer(815301076,1909f56bfc062723c751e8b465ee728b)  -> (artifact id: 'e6a4df7dc1ba201d624d85b6a1574600') in 0.057589 seconds 
========================================================================
Received Import Request.
  Time since last request: 0.000157 seconds.
  path: Assets/Models/2D/Burger_Textures/burger.mat
  artifactKey: Guid(e43d0ac51531a4d49b3ab8249f215ab8) Importer(815301076,1909f56bfc062723c751e8b465ee728b)
Start importing Assets/Models/2D/Burger_Textures/burger.mat using Guid(e43d0ac51531a4d49b3ab8249f215ab8) Importer(815301076,1909f56bfc062723c751e8b465ee728b)  -> (artifact id: '6facf68a2457bcfd244dcf19ef7ca214') in 0.028407 seconds 
========================================================================
Received Import Request.
  Time since last request: 0.000214 seconds.
  path: Assets/Models/2D/Burger_Textures/Bun_Top.png
  artifactKey: Guid(3a5009aff2add3942b1ada96f857b38d) Importer(815301076,1909f56bfc062723c751e8b465ee728b)
Start importing Assets/Models/2D/Burger_Textures/Bun_Top.png using Guid(3a5009aff2add3942b1ada96f857b38d) Importer(815301076,1909f56bfc062723c751e8b465ee728b)  -> (artifact id: '4ff90fbb808aa2876b89b23f27ec4291') in 0.021576 seconds 
========================================================================
Received Import Request.
  Time since last request: 0.000251 seconds.
  path: Assets/Models/2D/Burger_Textures/onion_Normal.jpg
  artifactKey: Guid(4db4093a66bad6b46bcfd7bca283183d) Importer(815301076,1909f56bfc062723c751e8b465ee728b)
Start importing Assets/Models/2D/Burger_Textures/onion_Normal.jpg using Guid(4db4093a66bad6b46bcfd7bca283183d) Importer(815301076,1909f56bfc062723c751e8b465ee728b)  -> (artifact id: '39d2fb646388dae06b21bd3d78608f86') in 0.049716 seconds 
========================================================================
Received Import Request.
  Time since last request: 0.000179 seconds.
  path: Assets/Models/2D/Burger_Textures/lettuce1_Roughness.jpg
  artifactKey: Guid(4ef08970c64ae9a4aabd17a69b62eca1) Importer(815301076,1909f56bfc062723c751e8b465ee728b)
Start importing Assets/Models/2D/Burger_Textures/lettuce1_Roughness.jpg using Guid(4ef08970c64ae9a4aabd17a69b62eca1) Importer(815301076,1909f56bfc062723c751e8b465ee728b)  -> (artifact id: '9f4da0dd9a5151daf50e16955f03c457') in 0.057757 seconds 
========================================================================
Received Import Request.
  Time since last request: 0.000219 seconds.
  path: Assets/Models/2D/Burger_Textures/Pickle_Roughness.jpg
  artifactKey: Guid(6a53f330b353d6142a89ec540d3e83dc) Importer(815301076,1909f56bfc062723c751e8b465ee728b)
Start importing Assets/Models/2D/Burger_Textures/Pickle_Roughness.jpg using Guid(6a53f330b353d6142a89ec540d3e83dc) Importer(815301076,1909f56bfc062723c751e8b465ee728b)  -> (artifact id: '2e94ebd23f6afbb9d20de70e9d069b23') in 0.024819 seconds 
========================================================================
Received Import Request.
  Time since last request: 0.000170 seconds.
  path: Assets/Models/2D/Burger_Textures/Bun_Lower.tga
  artifactKey: Guid(8b0ab2ee68608534a963df536c32b148) Importer(815301076,1909f56bfc062723c751e8b465ee728b)
Start importing Assets/Models/2D/Burger_Textures/Bun_Lower.tga using Guid(8b0ab2ee68608534a963df536c32b148) Importer(815301076,1909f56bfc062723c751e8b465ee728b)  -> (artifact id: '0e4d45308c60995dc8dda63571427641') in 0.067108 seconds 
========================================================================
Received Import Request.
  Time since last request: 0.000173 seconds.
  path: Assets/Models/2D/Burger_Textures/lettuce1_Albedo.jpg
  artifactKey: Guid(7d17d261348e00543a25282fca98e53c) Importer(815301076,1909f56bfc062723c751e8b465ee728b)
Start importing Assets/Models/2D/Burger_Textures/lettuce1_Albedo.jpg using Guid(7d17d261348e00543a25282fca98e53c) Importer(815301076,1909f56bfc062723c751e8b465ee728b)  -> (artifact id: '7cc85ee94797f21ca313b81c6cd5fdef') in 0.050182 seconds 
========================================================================
Received Import Request.
  Time since last request: 0.000155 seconds.
  path: Assets/Models/2D/Burger_Textures/onion.mat
  artifactKey: Guid(d17ad57cad78c18489689873e9387ce9) Importer(815301076,1909f56bfc062723c751e8b465ee728b)
Start importing Assets/Models/2D/Burger_Textures/onion.mat using Guid(d17ad57cad78c18489689873e9387ce9) Importer(815301076,1909f56bfc062723c751e8b465ee728b)  -> (artifact id: '92fffb83449a761028f878d8d2e80eaf') in 0.075211 seconds 
========================================================================
Received Import Request.
  Time since last request: 0.000151 seconds.
  path: Assets/Models/2D/Burger_Textures/onion_Displacement.jpg
  artifactKey: Guid(51f1f433c56a01445b23a7ec060e7bb2) Importer(815301076,1909f56bfc062723c751e8b465ee728b)
Start importing Assets/Models/2D/Burger_Textures/onion_Displacement.jpg using Guid(51f1f433c56a01445b23a7ec060e7bb2) Importer(815301076,1909f56bfc062723c751e8b465ee728b)  -> (artifact id: '22391bd476cd31255dd61a9103a2726e') in 0.044051 seconds 
========================================================================
Received Import Request.
  Time since last request: 0.000149 seconds.
  path: Assets/Models/2D/Burger_Textures/Pickle_Normal.jpg
  artifactKey: Guid(364489f4628bc8a4880366b919ff46b1) Importer(815301076,1909f56bfc062723c751e8b465ee728b)
Start importing Assets/Models/2D/Burger_Textures/Pickle_Normal.jpg using Guid(364489f4628bc8a4880366b919ff46b1) Importer(815301076,1909f56bfc062723c751e8b465ee728b)  -> (artifact id: '4344340390efd5e7fe93d92ed508c911') in 0.021437 seconds 
========================================================================
Received Import Request.
  Time since last request: 0.000197 seconds.
  path: Assets/Models/2D/Burger_Textures/lettuce2_Roughness.jpg
  artifactKey: Guid(c9cbeae1a3bd45f49a247e345e4ece14) Importer(815301076,1909f56bfc062723c751e8b465ee728b)
Start importing Assets/Models/2D/Burger_Textures/lettuce2_Roughness.jpg using Guid(c9cbeae1a3bd45f49a247e345e4ece14) Importer(815301076,1909f56bfc062723c751e8b465ee728b)  -> (artifact id: 'bfefb651adb13fe99f262673957e3829') in 0.056091 seconds 
========================================================================
Received Import Request.
  Time since last request: 0.000162 seconds.
  path: Assets/Models/2D/Burger_Textures/Pickle_Albedo.jpg
  artifactKey: Guid(5390da76baf2a5748bd9ba3fd3480385) Importer(815301076,1909f56bfc062723c751e8b465ee728b)
Start importing Assets/Models/2D/Burger_Textures/Pickle_Albedo.jpg using Guid(5390da76baf2a5748bd9ba3fd3480385) Importer(815301076,1909f56bfc062723c751e8b465ee728b)  -> (artifact id: '59424805106e4e764d8ac3874ac03382') in 0.020694 seconds 
========================================================================
Received Import Request.
  Time since last request: 0.000152 seconds.
  path: Assets/Models/2D/Burger_Textures/lettuce2.001.mat
  artifactKey: Guid(f4a06463e337dcf47aa65e158c748d17) Importer(815301076,1909f56bfc062723c751e8b465ee728b)
Start importing Assets/Models/2D/Burger_Textures/lettuce2.001.mat using Guid(f4a06463e337dcf47aa65e158c748d17) Importer(815301076,1909f56bfc062723c751e8b465ee728b)  -> (artifact id: 'f26336c1c75516214ac19ebe37f0c233') in 0.079164 seconds 
========================================================================
Received Import Request.
  Time since last request: 0.000153 seconds.
  path: Assets/Models/2D/Burger_Textures/Pickle_Displacement.jpg
  artifactKey: Guid(452a04b547abd0b4e834f5c7c226d504) Importer(815301076,1909f56bfc062723c751e8b465ee728b)
Start importing Assets/Models/2D/Burger_Textures/Pickle_Displacement.jpg using Guid(452a04b547abd0b4e834f5c7c226d504) Importer(815301076,1909f56bfc062723c751e8b465ee728b)  -> (artifact id: '37d3b019b5ac5201dbf45af75fd7d26b') in 0.026740 seconds 
========================================================================
Received Import Request.
  Time since last request: 0.000180 seconds.
  path: Assets/Models/2D/Burger_Textures/onion_Albedo.jpg
  artifactKey: Guid(6ef2700dd65a5eb458cc1f4673fb08d3) Importer(815301076,1909f56bfc062723c751e8b465ee728b)
Start importing Assets/Models/2D/Burger_Textures/onion_Albedo.jpg using Guid(6ef2700dd65a5eb458cc1f4673fb08d3) Importer(815301076,1909f56bfc062723c751e8b465ee728b)  -> (artifact id: '70679d284ab82e4649729f87c29c3776') in 0.042149 seconds 
========================================================================
Received Import Request.
  Time since last request: 0.000197 seconds.
  path: Assets/Models/2D/Burger_Textures/Burger.tga
  artifactKey: Guid(849541d1dd91186439891196e9800ec1) Importer(815301076,1909f56bfc062723c751e8b465ee728b)
Start importing Assets/Models/2D/Burger_Textures/Burger.tga using Guid(849541d1dd91186439891196e9800ec1) Importer(815301076,1909f56bfc062723c751e8b465ee728b)  -> (artifact id: '721d1972fa0ec7e66323be35f3466e12') in 0.064478 seconds 
========================================================================
Received Import Request.
  Time since last request: 0.010556 seconds.
  path: Assets/Models/2D/Burger_Textures/cheese.001.mat
  artifactKey: Guid(316c337470f360d4abcb8517ef17b2ae) Importer(815301076,1909f56bfc062723c751e8b465ee728b)
Start importing Assets/Models/2D/Burger_Textures/cheese.001.mat using Guid(316c337470f360d4abcb8517ef17b2ae) Importer(815301076,1909f56bfc062723c751e8b465ee728b)  -> (artifact id: 'a51ffa67bf331ca55c3d60ef8d8e3ec1') in 0.015586 seconds 
========================================================================
Received Import Request.
  Time since last request: 0.000203 seconds.
  path: Assets/Models/2D/Burger_Textures/lettuce2_Alpha.jpg
  artifactKey: Guid(456ca6e6cd22b014db10399de6fffa2b) Importer(815301076,1909f56bfc062723c751e8b465ee728b)
Start importing Assets/Models/2D/Burger_Textures/lettuce2_Alpha.jpg using Guid(456ca6e6cd22b014db10399de6fffa2b) Importer(815301076,1909f56bfc062723c751e8b465ee728b)  -> (artifact id: '53f7b168337081374e1d03da7fee38e0') in 0.053220 seconds 
========================================================================
Received Import Request.
  Time since last request: 0.000177 seconds.
  path: Assets/Models/2D/Burger_Textures/lettuce2_Normal.jpg
  artifactKey: Guid(749d4e952b5955f4d9d5b15e39551325) Importer(815301076,1909f56bfc062723c751e8b465ee728b)
Start importing Assets/Models/2D/Burger_Textures/lettuce2_Normal.jpg using Guid(749d4e952b5955f4d9d5b15e39551325) Importer(815301076,1909f56bfc062723c751e8b465ee728b)  -> (artifact id: 'bdfae226709f9c0209c5b72a53a14ae8') in 0.052739 seconds 
========================================================================
Received Import Request.
  Time since last request: 0.000410 seconds.
  path: Assets/Models/2D/Burger_Textures/Bun_Lower.png
  artifactKey: Guid(234c0b0ee7ccd77428d43496de0ba314) Importer(815301076,1909f56bfc062723c751e8b465ee728b)
Start importing Assets/Models/2D/Burger_Textures/Bun_Lower.png using Guid(234c0b0ee7ccd77428d43496de0ba314) Importer(815301076,1909f56bfc062723c751e8b465ee728b)  -> (artifact id: '87a31000a7a4998fe9160e0e065f0368') in 0.027343 seconds 
========================================================================
Received Import Request.
  Time since last request: 0.000202 seconds.
  path: Assets/Models/2D/Burger_Textures/lettuce2_Albedo.jpg
  artifactKey: Guid(030e81090d8a1734a96a860890f0ca84) Importer(815301076,1909f56bfc062723c751e8b465ee728b)
Start importing Assets/Models/2D/Burger_Textures/lettuce2_Albedo.jpg using Guid(030e81090d8a1734a96a860890f0ca84) Importer(815301076,1909f56bfc062723c751e8b465ee728b)  -> (artifact id: 'f4f1abd160993ac6bd494c748e2ba66a') in 0.049274 seconds 
========================================================================
Received Prepare
Registering precompiled user dll's ...
Registered in 0.007648 seconds.
Begin MonoManager ReloadAssembly
Native extension for WindowsStandalone target not found
Refreshing native plugins compatible for Editor in 0.58 ms, found 4 plugins.
Preloading 1 native plugins for Editor in 0.07 ms.
System.NullReferenceException: Object reference not set to an instance of an object
  at Vuforia.EditorClasses.ExtensionTypeProvider.GetVuforiaPackageAbsPath () [0x0004a] in <a6afc08737454b11bbcd4cac94f8cab8>:0 
  at Vuforia.EditorClasses.ExtensionTypeProvider.IsPackageManager () [0x00000] in <a6afc08737454b11bbcd4cac94f8cab8>:0 
  at Vuforia.EditorClasses.ExtensionTypeProvider.ResolvePluginType () [0x00009] in <a6afc08737454b11bbcd4cac94f8cab8>:0 
  at Vuforia.EditorClasses.ExtensionTypeProvider.GetPluginType () [0x0000c] in <a6afc08737454b11bbcd4cac94f8cab8>:0 
  at Vuforia.EditorClasses.VuforiaUtilities.IsVuforiaEnabledInPlayerSettings () [0x00000] in <a6afc08737454b11bbcd4cac94f8cab8>:0 
  at VuforiaEnabledObserver..cctor () [0x00000] in <a6afc08737454b11bbcd4cac94f8cab8>:0 
UnityEngine.StackTraceUtility:ExtractStackTrace ()
UnityEngine.DebugLogHandler:LogFormat (UnityEngine.LogType,UnityEngine.Object,string,object[])
UnityEngine.Logger:Log (UnityEngine.LogType,object)
UnityEngine.Debug:LogError (object)
UnityEditor.EditorAssemblies:ProcessInitializeOnLoadAttributes (System.Type[])

System.NullReferenceException: Object reference not set to an instance of an object
  at Vuforia.EditorClasses.ExtensionTypeProvider.GetVuforiaPackageAbsPath () [0x0004a] in <a6afc08737454b11bbcd4cac94f8cab8>:0 
  at Vuforia.EditorClasses.ExtensionTypeProvider.IsPackageManager () [0x00000] in <a6afc08737454b11bbcd4cac94f8cab8>:0 
  at Vuforia.EditorClasses.ExtensionTypeProvider.ResolvePluginType () [0x00009] in <a6afc08737454b11bbcd4cac94f8cab8>:0 
  at Vuforia.EditorClasses.ExtensionTypeProvider.GetPluginType () [0x0000c] in <a6afc08737454b11bbcd4cac94f8cab8>:0 
  at Vuforia.EditorClasses.VuforiaUtilities.IsVuforiaEnabledInPlayerSettings () [0x00000] in <a6afc08737454b11bbcd4cac94f8cab8>:0 
  at Vuforia.EditorClasses.InitializeOnLoadVuforiaTaskRunner..cctor () [0x00015] in <a6afc08737454b11bbcd4cac94f8cab8>:0 
UnityEngine.StackTraceUtility:ExtractStackTrace ()
UnityEngine.DebugLogHandler:LogFormat (UnityEngine.LogType,UnityEngine.Object,string,object[])
UnityEngine.Logger:Log (UnityEngine.LogType,object)
UnityEngine.Debug:LogError (object)
UnityEditor.EditorAssemblies:ProcessInitializeOnLoadAttributes (System.Type[])

Mono: successfully reloaded assembly
- Completed reload, in  0.831 seconds
Domain Reload Profiling:
	ReloadAssembly (831ms)
		BeginReloadAssembly (117ms)
			ExecutionOrderSort (0ms)
			DisableScriptedObjects (6ms)
			BackupInstance (0ms)
			ReleaseScriptingObjects (0ms)
			CreateAndSetChildDomain (35ms)
		EndReloadAssembly (662ms)
			LoadAssemblies (94ms)
			RebuildTransferFunctionScriptingTraits (0ms)
			SetupTypeCache (214ms)
			ReleaseScriptCaches (1ms)
			RebuildScriptCaches (35ms)
			SetupLoadedEditorAssemblies (270ms)
				LogAssemblyErrors (0ms)
				InitializePlatformSupportModulesInManaged (3ms)
				SetLoadedEditorAssemblies (0ms)
				RefreshPlugins (1ms)
				BeforeProcessingInitializeOnLoad (66ms)
				ProcessInitializeOnLoadAttributes (188ms)
				ProcessInitializeOnLoadMethodAttributes (7ms)
				AfterProcessingInitializeOnLoad (4ms)
				EditorAssembliesLoaded (0ms)
			ExecutionOrderSort2 (0ms)
			AwakeInstancesAfterBackupRestoration (2ms)
Platform modules already initialized, skipping
Switching build target platform(19) subTarget(0) extendedPlatform(0) -> platform(13) subTarget(524288) extendedPlatform(0)
Shader 'PointClouds/PointSplat': fallback shader 'PointClouds/PointSplatLegacy' not found
Refreshing native plugins compatible for Editor in 0.57 ms, found 4 plugins.
Preloading 1 native plugins for Editor in 0.06 ms.
Unloading 1618 Unused Serialized files (Serialized files now loaded: 0)
System memory in use before: 79.4 MB.
System memory in use after: 79.5 MB.

Unloading 43 unused Assets to reduce memory usage. Loaded Objects now: 2386.
Total: 2.631900 ms (FindLiveObjects: 0.141200 ms CreateObjectMapping: 0.051900 ms MarkObjects: 2.394200 ms  DeleteObjects: 0.043700 ms)

AssetImportParameters requested are different than current active one (requested -> active):
  custom:framework-win-MediaFoundation: 216162199b28c13a410421893ffa2e32 -> 
  custom:video-decoder-ogg-theora: a1e56fd34408186e4bbccfd4996cb3dc -> 
  custom:container-muxer-webm: aa71ff27fc2769a1b78a27578f13a17b -> 
  custom:container-demuxer-webm: 4f35f7cbe854078d1ac9338744f61a02 -> 
  custom:container-demuxer-ogg: 62fdf1f143b41e24485cea50d1cbac27 -> 
  custom:video-encoder-webm-vp8: eb34c28f22e8b96e1ab97ce403110664 -> 
  custom:video-codec-MediaFoundation-h265: 746d11721c4dcdbdad8f713fa42b33f4 -> 
  custom:video-decoder-webm-vp8: 9c59270c3fd7afecdb556c50c9e8de78 -> 
  custom:graphics/normal-map-encoding: 01000000000000000000000000000000 -> 02000000000000000000000000000000
  custom:audio-decoder-ogg-vorbis: bf7c407c2cedff20999df2af8eb42d56 -> 
  custom:audio-encoder-webm-vorbis: bf7c407c2cedff20999df2af8eb42d56 -> 
========================================================================
Received Import Request.
  Time since last request: 296.493608 seconds.
  path: Assets/Models/3D/Burger/Burger_Model/uploads_files_2465920_burger_merged.obj
  artifactKey: Guid(0e5cbd532f1d71040b4d85460a261993) Importer(815301076,1909f56bfc062723c751e8b465ee728b)
Start importing Assets/Models/3D/Burger/Burger_Model/uploads_files_2465920_burger_merged.obj using Guid(0e5cbd532f1d71040b4d85460a261993) Importer(815301076,1909f56bfc062723c751e8b465ee728b)  -> (artifact id: '8651c8b2b17c3aa6b86468c209fe9b47') in 0.084606 seconds 
========================================================================
Received Import Request.
  Time since last request: 120.438087 seconds.
  path: Assets/Models/2D/Burger_Textures/defaultMat.mat
  artifactKey: Guid(1d9a9f3c4ac242c4f881997db50ea9bf) Importer(815301076,1909f56bfc062723c751e8b465ee728b)
Start importing Assets/Models/2D/Burger_Textures/defaultMat.mat using Guid(1d9a9f3c4ac242c4f881997db50ea9bf) Importer(815301076,1909f56bfc062723c751e8b465ee728b)  -> (artifact id: '0836034db6fbc20f01a4e07c7653ff3b') in 0.024369 seconds 
