Using pre-set license
Built from '2020.3/staging' branch; Version is '2020.3.45f1 (660cd1701bd5) revision 6687953'; Using compiler version '192528614'; Build Type 'Release'
OS: 'Windows 11  (10.0.22621) 64bit Professional' Language: 'es' Physical Memory: 23967 MB
BatchMode: 1, IsHumanControllingUs: 0, StartBugReporterOnCrash: 0, Is64bit: 1, IsPro: 0

COMMAND LINE ARGUMENTS:
C:\Program Files\Unity\Hub\Editor\2020.3.45f1\Editor\Unity.exe
-adb2
-batchMode
-noUpm
-name
AssetImportWorker0
-projectPath
C:/Users/roghe/VR/Proyecto/Proyecto-TSIC3/ProyectoRogelioHernandez
-logFile
Logs/AssetImportWorker0.log
-srvPort
64005
Successfully changed project path to: C:/Users/roghe/VR/Proyecto/Proyecto-TSIC3/ProyectoRogelioHernandez
C:/Users/roghe/VR/Proyecto/Proyecto-TSIC3/ProyectoRogelioHernandez
Using Asset Import Pipeline V2.
Player connection [10068] Host "[IP] 192.168.1.119 [Port] 805523808 [Flags] 2 [Guid] 3387173731 [EditorId] 3387173731 [Version] 1048832 [Id] WindowsEditor(7,roghe) [Debug] 1 [PackageName] WindowsEditor [ProjectName] Editor" joined multi-casting on [225.0.0.222:54997]...

Player connection [10068] Host "[IP] 192.168.1.119 [Port] 805523808 [Flags] 2 [Guid] 3387173731 [EditorId] 3387173731 [Version] 1048832 [Id] WindowsEditor(7,roghe) [Debug] 1 [PackageName] WindowsEditor [ProjectName] Editor" joined alternative multi-casting on [225.0.0.222:34997]...

Refreshing native plugins compatible for Editor in 46.15 ms, found 4 plugins.
Preloading 1 native plugins for Editor in 1.32 ms.
Initialize engine version: 2020.3.45f1 (660cd1701bd5)
[Subsystems] Discovering subsystems at path C:/Program Files/Unity/Hub/Editor/2020.3.45f1/Editor/Data/Resources/UnitySubsystems
[Subsystems] Discovering subsystems at path C:/Users/roghe/VR/Proyecto/Proyecto-TSIC3/ProyectoRogelioHernandez/Assets
GfxDevice: creating device client; threaded=0
Direct3D:
    Version:  Direct3D 11.0 [level 11.1]
    Renderer: NVIDIA GeForce RTX 3050 Laptop GPU (ID=0x25a2)
    Vendor:   
    VRAM:     3977 MB
    Driver:   31.0.15.3203
Shader 'PointClouds/PointSplat': fallback shader 'PointClouds/PointSplatLegacy' not found
Initialize mono
Mono path[0] = 'C:/Program Files/Unity/Hub/Editor/2020.3.45f1/Editor/Data/Managed'
Mono path[1] = 'C:/Program Files/Unity/Hub/Editor/2020.3.45f1/Editor/Data/MonoBleedingEdge/lib/mono/unityjit'
Mono config path = 'C:/Program Files/Unity/Hub/Editor/2020.3.45f1/Editor/Data/MonoBleedingEdge/etc'
Using monoOptions --debugger-agent=transport=dt_socket,embedding=1,server=y,suspend=n,address=127.0.0.1:56276
Begin MonoManager ReloadAssembly
Registering precompiled unity dll's ...
Register platform support module: C:/Program Files/Unity/Hub/Editor/2020.3.45f1/Editor/Data/PlaybackEngines/WindowsStandaloneSupport/UnityEditor.WindowsStandalone.Extensions.dll
Registered in 0.001252 seconds.
Native extension for WindowsStandalone target not found
Refreshing native plugins compatible for Editor in 28.84 ms, found 4 plugins.
Preloading 1 native plugins for Editor in 0.06 ms.
Mono: successfully reloaded assembly
- Completed reload, in  0.505 seconds
Domain Reload Profiling:
	ReloadAssembly (505ms)
		BeginReloadAssembly (56ms)
			ExecutionOrderSort (0ms)
			DisableScriptedObjects (0ms)
			BackupInstance (0ms)
			ReleaseScriptingObjects (0ms)
			CreateAndSetChildDomain (1ms)
		EndReloadAssembly (393ms)
			LoadAssemblies (55ms)
			RebuildTransferFunctionScriptingTraits (0ms)
			SetupTypeCache (128ms)
			ReleaseScriptCaches (0ms)
			RebuildScriptCaches (21ms)
			SetupLoadedEditorAssemblies (143ms)
				LogAssemblyErrors (0ms)
				InitializePlatformSupportModulesInManaged (4ms)
				SetLoadedEditorAssemblies (0ms)
				RefreshPlugins (29ms)
				BeforeProcessingInitializeOnLoad (13ms)
				ProcessInitializeOnLoadAttributes (73ms)
				ProcessInitializeOnLoadMethodAttributes (23ms)
				AfterProcessingInitializeOnLoad (0ms)
				EditorAssembliesLoaded (0ms)
			ExecutionOrderSort2 (0ms)
			AwakeInstancesAfterBackupRestoration (0ms)
Platform modules already initialized, skipping
Registering precompiled user dll's ...
Registered in 0.007557 seconds.
Begin MonoManager ReloadAssembly
Native extension for WindowsStandalone target not found
Refreshing native plugins compatible for Editor in 0.58 ms, found 4 plugins.
Preloading 1 native plugins for Editor in 0.07 ms.
System.NullReferenceException: Object reference not set to an instance of an object
  at Vuforia.EditorClasses.ExtensionTypeProvider.GetVuforiaPackageAbsPath () [0x0004a] in <a6afc08737454b11bbcd4cac94f8cab8>:0 
  at Vuforia.EditorClasses.ExtensionTypeProvider.IsPackageManager () [0x00000] in <a6afc08737454b11bbcd4cac94f8cab8>:0 
  at Vuforia.EditorClasses.ExtensionTypeProvider.ResolvePluginType () [0x00009] in <a6afc08737454b11bbcd4cac94f8cab8>:0 
  at Vuforia.EditorClasses.ExtensionTypeProvider.GetPluginType () [0x0000c] in <a6afc08737454b11bbcd4cac94f8cab8>:0 
  at Vuforia.EditorClasses.VuforiaUtilities.IsVuforiaEnabledInPlayerSettings () [0x00000] in <a6afc08737454b11bbcd4cac94f8cab8>:0 
  at VuforiaEnabledObserver..cctor () [0x00000] in <a6afc08737454b11bbcd4cac94f8cab8>:0 
UnityEngine.StackTraceUtility:ExtractStackTrace ()
UnityEngine.DebugLogHandler:LogFormat (UnityEngine.LogType,UnityEngine.Object,string,object[])
UnityEngine.Logger:Log (UnityEngine.LogType,object)
UnityEngine.Debug:LogError (object)
UnityEditor.EditorAssemblies:ProcessInitializeOnLoadAttributes (System.Type[])

System.NullReferenceException: Object reference not set to an instance of an object
  at Vuforia.EditorClasses.ExtensionTypeProvider.GetVuforiaPackageAbsPath () [0x0004a] in <a6afc08737454b11bbcd4cac94f8cab8>:0 
  at Vuforia.EditorClasses.ExtensionTypeProvider.IsPackageManager () [0x00000] in <a6afc08737454b11bbcd4cac94f8cab8>:0 
  at Vuforia.EditorClasses.ExtensionTypeProvider.ResolvePluginType () [0x00009] in <a6afc08737454b11bbcd4cac94f8cab8>:0 
  at Vuforia.EditorClasses.ExtensionTypeProvider.GetPluginType () [0x0000c] in <a6afc08737454b11bbcd4cac94f8cab8>:0 
  at Vuforia.EditorClasses.VuforiaUtilities.IsVuforiaEnabledInPlayerSettings () [0x00000] in <a6afc08737454b11bbcd4cac94f8cab8>:0 
  at Vuforia.EditorClasses.InitializeOnLoadVuforiaTaskRunner..cctor () [0x00015] in <a6afc08737454b11bbcd4cac94f8cab8>:0 
UnityEngine.StackTraceUtility:ExtractStackTrace ()
UnityEngine.DebugLogHandler:LogFormat (UnityEngine.LogType,UnityEngine.Object,string,object[])
UnityEngine.Logger:Log (UnityEngine.LogType,object)
UnityEngine.Debug:LogError (object)
UnityEditor.EditorAssemblies:ProcessInitializeOnLoadAttributes (System.Type[])

Mono: successfully reloaded assembly
- Completed reload, in  0.979 seconds
Domain Reload Profiling:
	ReloadAssembly (980ms)
		BeginReloadAssembly (111ms)
			ExecutionOrderSort (0ms)
			DisableScriptedObjects (4ms)
			BackupInstance (0ms)
			ReleaseScriptingObjects (0ms)
			CreateAndSetChildDomain (17ms)
		EndReloadAssembly (793ms)
			LoadAssemblies (78ms)
			RebuildTransferFunctionScriptingTraits (0ms)
			SetupTypeCache (266ms)
			ReleaseScriptCaches (0ms)
			RebuildScriptCaches (37ms)
			SetupLoadedEditorAssemblies (333ms)
				LogAssemblyErrors (0ms)
				InitializePlatformSupportModulesInManaged (4ms)
				SetLoadedEditorAssemblies (0ms)
				RefreshPlugins (1ms)
				BeforeProcessingInitializeOnLoad (88ms)
				ProcessInitializeOnLoadAttributes (228ms)
				ProcessInitializeOnLoadMethodAttributes (8ms)
				AfterProcessingInitializeOnLoad (4ms)
				EditorAssembliesLoaded (0ms)
			ExecutionOrderSort2 (0ms)
			AwakeInstancesAfterBackupRestoration (2ms)
Platform modules already initialized, skipping
========================================================================
Worker process is ready to serve import requests
Shader 'PointClouds/PointSplat': fallback shader 'PointClouds/PointSplatLegacy' not found
Launched and connected shader compiler UnityShaderCompiler.exe after 0.04 seconds
Refreshing native plugins compatible for Editor in 0.91 ms, found 4 plugins.
Preloading 1 native plugins for Editor in 0.12 ms.
Unloading 1636 Unused Serialized files (Serialized files now loaded: 0)
System memory in use before: 77.7 MB.
System memory in use after: 77.8 MB.

Unloading 48 unused Assets to reduce memory usage. Loaded Objects now: 2334.
Total: 4.293800 ms (FindLiveObjects: 0.282000 ms CreateObjectMapping: 0.064300 ms MarkObjects: 3.833700 ms  DeleteObjects: 0.112500 ms)

AssetImportParameters requested are different than current active one (requested -> active):
  custom:framework-win-MediaFoundation: 216162199b28c13a410421893ffa2e32 -> 
  custom:video-decoder-ogg-theora: a1e56fd34408186e4bbccfd4996cb3dc -> 
  custom:container-muxer-webm: aa71ff27fc2769a1b78a27578f13a17b -> 
  custom:container-demuxer-webm: 4f35f7cbe854078d1ac9338744f61a02 -> 
  custom:container-demuxer-ogg: 62fdf1f143b41e24485cea50d1cbac27 -> 
  custom:video-encoder-webm-vp8: eb34c28f22e8b96e1ab97ce403110664 -> 
  custom:video-codec-MediaFoundation-h265: 746d11721c4dcdbdad8f713fa42b33f4 -> 
  custom:video-decoder-webm-vp8: 9c59270c3fd7afecdb556c50c9e8de78 -> 
  custom:audio-decoder-ogg-vorbis: bf7c407c2cedff20999df2af8eb42d56 -> 
  custom:audio-encoder-webm-vorbis: bf7c407c2cedff20999df2af8eb42d56 -> 
========================================================================
Received Import Request.
  path: Assets/Models/3D/Burger/Burger_Model/Burger.fbx
  artifactKey: Guid(a4b72bbdbc59fd845abde4dd58b2f85c) Importer(815301076,1909f56bfc062723c751e8b465ee728b)
Start importing Assets/Models/3D/Burger/Burger_Model/Burger.fbx using Guid(a4b72bbdbc59fd845abde4dd58b2f85c) Importer(815301076,1909f56bfc062723c751e8b465ee728b)  -> (artifact id: '8f3fdf28571640cedbba68f93647a14c') in 0.689040 seconds 
========================================================================
Received Import Request.
  Time since last request: 0.000207 seconds.
  path: Assets/Models/3D/Burger/Burger_Model/Burger_Test.fbx
  artifactKey: Guid(d5a8d88cbafab7048a3610439a8d0958) Importer(815301076,1909f56bfc062723c751e8b465ee728b)
Start importing Assets/Models/3D/Burger/Burger_Model/Burger_Test.fbx using Guid(d5a8d88cbafab7048a3610439a8d0958) Importer(815301076,1909f56bfc062723c751e8b465ee728b)  -> (artifact id: 'b1da772ab6c7530b8d24ef2772749413') in 0.226148 seconds 
========================================================================
Received Import Request.
  Time since last request: 0.000242 seconds.
  path: Assets/Models/3D/Burger/Burger_Model/uploads_files_2465920_burger_merged.obj
  artifactKey: Guid(0e5cbd532f1d71040b4d85460a261993) Importer(815301076,1909f56bfc062723c751e8b465ee728b)
Start importing Assets/Models/3D/Burger/Burger_Model/uploads_files_2465920_burger_merged.obj using Guid(0e5cbd532f1d71040b4d85460a261993) Importer(815301076,1909f56bfc062723c751e8b465ee728b)  -> (artifact id: 'e15012e5871154fc3a23e41d26d957d2') in 0.066981 seconds 
========================================================================
Received Import Request.
  Time since last request: 6274.462188 seconds.
  path: Assets/Models/3D/Burger/Burger_Model/Burger.fbx
  artifactKey: Guid(a4b72bbdbc59fd845abde4dd58b2f85c) Importer(815301076,1909f56bfc062723c751e8b465ee728b)
Start importing Assets/Models/3D/Burger/Burger_Model/Burger.fbx using Guid(a4b72bbdbc59fd845abde4dd58b2f85c) Importer(815301076,1909f56bfc062723c751e8b465ee728b)  -> (artifact id: 'b46dbb56a3a5cc427e6e959d4700b106') in 0.470240 seconds 
========================================================================
Received Import Request.
  Time since last request: 42.560941 seconds.
  path: Assets/Models/3D/Burger/Burger_Model/Burger.fbx
  artifactKey: Guid(a4b72bbdbc59fd845abde4dd58b2f85c) Importer(815301076,1909f56bfc062723c751e8b465ee728b)
Start importing Assets/Models/3D/Burger/Burger_Model/Burger.fbx using Guid(a4b72bbdbc59fd845abde4dd58b2f85c) Importer(815301076,1909f56bfc062723c751e8b465ee728b)  -> (artifact id: 'daf7e784503f8758f629db4e640273e0') in 0.526645 seconds 
========================================================================
Received Import Request.
  Time since last request: 24.523148 seconds.
  path: Assets/Models/2D/Burger_Textures/bun_lower.mat
  artifactKey: Guid(885d3649130b8ce46a87b52045769917) Importer(815301076,1909f56bfc062723c751e8b465ee728b)
Start importing Assets/Models/2D/Burger_Textures/bun_lower.mat using Guid(885d3649130b8ce46a87b52045769917) Importer(815301076,1909f56bfc062723c751e8b465ee728b)  -> (artifact id: '60e77b089e56e533c069cd25af2df6b2') in 0.039482 seconds 
========================================================================
Received Import Request.
  Time since last request: 0.000222 seconds.
  path: Assets/Models/2D/Burger_Textures/bun_top.mat
  artifactKey: Guid(7df2f4cb3a7c91e499210d084cdb02f7) Importer(815301076,1909f56bfc062723c751e8b465ee728b)
Start importing Assets/Models/2D/Burger_Textures/bun_top.mat using Guid(7df2f4cb3a7c91e499210d084cdb02f7) Importer(815301076,1909f56bfc062723c751e8b465ee728b)  -> (artifact id: 'e9edb8fcd7683fa7f5f978d43905f26a') in 0.029243 seconds 
========================================================================
Received Import Request.
  Time since last request: 0.000230 seconds.
  path: Assets/Models/2D/Burger_Textures/burger.mat
  artifactKey: Guid(8b99168d2d4b67b4e83aaa33bec021ee) Importer(815301076,1909f56bfc062723c751e8b465ee728b)
Start importing Assets/Models/2D/Burger_Textures/burger.mat using Guid(8b99168d2d4b67b4e83aaa33bec021ee) Importer(815301076,1909f56bfc062723c751e8b465ee728b)  -> (artifact id: '0ad20f428651c30c1fccdff1190dc367') in 0.026371 seconds 
========================================================================
Received Import Request.
  Time since last request: 0.000246 seconds.
  path: Assets/Models/2D/Burger_Textures/cheese.mat
  artifactKey: Guid(15131bd2e8546ed44947fa1e3b32bac1) Importer(815301076,1909f56bfc062723c751e8b465ee728b)
Start importing Assets/Models/2D/Burger_Textures/cheese.mat using Guid(15131bd2e8546ed44947fa1e3b32bac1) Importer(815301076,1909f56bfc062723c751e8b465ee728b)  -> (artifact id: 'd2d3cf59fcd072fc01c07eded9e4c0ae') in 0.012046 seconds 
========================================================================
Received Import Request.
  Time since last request: 0.000152 seconds.
  path: Assets/Models/2D/Burger_Textures/onion.mat
  artifactKey: Guid(e0bfdc8f4665b57409c78b5d08e61d1f) Importer(815301076,1909f56bfc062723c751e8b465ee728b)
Start importing Assets/Models/2D/Burger_Textures/onion.mat using Guid(e0bfdc8f4665b57409c78b5d08e61d1f) Importer(815301076,1909f56bfc062723c751e8b465ee728b)  -> (artifact id: '10071adae604780266a525dbb5a4972f') in 0.093419 seconds 
========================================================================
Received Import Request.
  Time since last request: 0.000136 seconds.
  path: Assets/Models/2D/Burger_Textures/pickle.mat
  artifactKey: Guid(fa483fce43f3de2478ffcbe9d1f536f6) Importer(815301076,1909f56bfc062723c751e8b465ee728b)
Start importing Assets/Models/2D/Burger_Textures/pickle.mat using Guid(fa483fce43f3de2478ffcbe9d1f536f6) Importer(815301076,1909f56bfc062723c751e8b465ee728b)  -> (artifact id: '25a99336f7459c8c2fabbaad8cdef99e') in 0.034341 seconds 
========================================================================
Received Import Request.
  Time since last request: 0.000157 seconds.
  path: Assets/Models/2D/Burger_Textures/lettuce2.mat
  artifactKey: Guid(41caff1e0a7499041b72663d64ece1ef) Importer(815301076,1909f56bfc062723c751e8b465ee728b)
Start importing Assets/Models/2D/Burger_Textures/lettuce2.mat using Guid(41caff1e0a7499041b72663d64ece1ef) Importer(815301076,1909f56bfc062723c751e8b465ee728b)  -> (artifact id: 'f7f1a8dd83f612f84606949e5dac56df') in 0.073046 seconds 
========================================================================
Received Import Request.
  Time since last request: 881.261078 seconds.
  path: Assets/Models/3D/Burger/Burger_Model/Burger.fbx
  artifactKey: Guid(a4b72bbdbc59fd845abde4dd58b2f85c) Importer(815301076,1909f56bfc062723c751e8b465ee728b)
Start importing Assets/Models/3D/Burger/Burger_Model/Burger.fbx using Guid(a4b72bbdbc59fd845abde4dd58b2f85c) Importer(815301076,1909f56bfc062723c751e8b465ee728b)  -> (artifact id: '7fb00233c4e2de957df4d82488f83f61') in 0.360615 seconds 
========================================================================
Received Import Request.
  Time since last request: 247.065006 seconds.
  path: Assets/Models/3D/Coffe/Coffe_Model/Coffee.fbx
  artifactKey: Guid(e2c9c33450423eb458c95eff13092c13) Importer(815301076,1909f56bfc062723c751e8b465ee728b)
Start importing Assets/Models/3D/Coffe/Coffe_Model/Coffee.fbx using Guid(e2c9c33450423eb458c95eff13092c13) Importer(815301076,1909f56bfc062723c751e8b465ee728b)  -> (artifact id: '901ad43180cfc5da286353287c1f3ef0') in 0.309419 seconds 
========================================================================
Received Import Request.
  Time since last request: 124.653980 seconds.
  path: Assets/Prefabs/Bowl.prefab
  artifactKey: Guid(9d7cfed04539b364db4ef58cbe94949e) Importer(815301076,1909f56bfc062723c751e8b465ee728b)
Start importing Assets/Prefabs/Bowl.prefab using Guid(9d7cfed04539b364db4ef58cbe94949e) Importer(815301076,1909f56bfc062723c751e8b465ee728b)  -> (artifact id: '5ac7fe2de2ec365a99c7dca1ffaad4b1') in 0.110415 seconds 
========================================================================
Received Import Request.
  Time since last request: 0.000167 seconds.
  path: Assets/Prefabs/Pizza.prefab
  artifactKey: Guid(edb20ad0897bf4c42a96a6408932c5dd) Importer(815301076,1909f56bfc062723c751e8b465ee728b)
Start importing Assets/Prefabs/Pizza.prefab using Guid(edb20ad0897bf4c42a96a6408932c5dd) Importer(815301076,1909f56bfc062723c751e8b465ee728b)  -> (artifact id: '34225fca49371a54f9043449f889e893') in 0.259184 seconds 
========================================================================
Received Import Request.
  Time since last request: 16.928195 seconds.
  path: Assets/Prefabs/Coffee.prefab
  artifactKey: Guid(7b2a7479e840be34586db5e6f3017b00) Importer(815301076,1909f56bfc062723c751e8b465ee728b)
Start importing Assets/Prefabs/Coffee.prefab using Guid(7b2a7479e840be34586db5e6f3017b00) Importer(815301076,1909f56bfc062723c751e8b465ee728b)  -> (artifact id: '350d0d40feed1542341ecbcdcf30caf5') in 0.204949 seconds 
========================================================================
Received Import Request.
  Time since last request: 25.116363 seconds.
  path: Assets/Prefabs/Burger.prefab
  artifactKey: Guid(b56f43372ae2c4c4db2866aad65bcab8) Importer(815301076,1909f56bfc062723c751e8b465ee728b)
Start importing Assets/Prefabs/Burger.prefab using Guid(b56f43372ae2c4c4db2866aad65bcab8) Importer(815301076,1909f56bfc062723c751e8b465ee728b)  -> (artifact id: '40d301b38e93da76eff625e5e1d9f31b') in 0.287808 seconds 
========================================================================
Received Import Request.
  Time since last request: 49.550804 seconds.
  path: Assets/ScriptableObjects/Bowl of pork.asset
  artifactKey: Guid(bf701103adb5e9e4faa3c519788e68df) Importer(815301076,1909f56bfc062723c751e8b465ee728b)
Start importing Assets/ScriptableObjects/Bowl of pork.asset using Guid(bf701103adb5e9e4faa3c519788e68df) Importer(815301076,1909f56bfc062723c751e8b465ee728b)  -> (artifact id: '79ea0bf0e11ac357ef09c7259d9069bc') in 0.014768 seconds 
========================================================================
Received Import Request.
  Time since last request: 0.000159 seconds.
  path: Assets/ScriptableObjects/Cupcake.asset
  artifactKey: Guid(0554a623cfd114a4b9e46711ff209b59) Importer(815301076,1909f56bfc062723c751e8b465ee728b)
Start importing Assets/ScriptableObjects/Cupcake.asset using Guid(0554a623cfd114a4b9e46711ff209b59) Importer(815301076,1909f56bfc062723c751e8b465ee728b)  -> (artifact id: '938b62c3ab8e5af5b8e91245632ad95b') in 0.007232 seconds 
========================================================================
Received Import Request.
  Time since last request: 0.000185 seconds.
  path: Assets/ScriptableObjects/Rollos.asset
  artifactKey: Guid(3d056a48957518b4d88b45ce190abce0) Importer(815301076,1909f56bfc062723c751e8b465ee728b)
Start importing Assets/ScriptableObjects/Rollos.asset using Guid(3d056a48957518b4d88b45ce190abce0) Importer(815301076,1909f56bfc062723c751e8b465ee728b)  -> (artifact id: 'd3c7e3ef392e6d8a15bde718076ba641') in 0.010720 seconds 
========================================================================
Received Import Request.
  Time since last request: 0.000185 seconds.
  path: Assets/ScriptableObjects/Pizza.asset
  artifactKey: Guid(026a80e000fe85d4c9c0490d628af51c) Importer(815301076,1909f56bfc062723c751e8b465ee728b)
Start importing Assets/ScriptableObjects/Pizza.asset using Guid(026a80e000fe85d4c9c0490d628af51c) Importer(815301076,1909f56bfc062723c751e8b465ee728b)  -> (artifact id: '213d74485a4df2155ea54171f7d286c5') in 0.010300 seconds 
========================================================================
Received Import Request.
  Time since last request: 0.000166 seconds.
  path: Assets/ScriptableObjects/Hot chocolate.asset
  artifactKey: Guid(d19d878e04f47914f9be00d18a406532) Importer(815301076,1909f56bfc062723c751e8b465ee728b)
Start importing Assets/ScriptableObjects/Hot chocolate.asset using Guid(d19d878e04f47914f9be00d18a406532) Importer(815301076,1909f56bfc062723c751e8b465ee728b)  -> (artifact id: '332cb2b119a9a26736701c209d722ff0') in 0.011314 seconds 
========================================================================
Received Import Request.
  Time since last request: 0.000201 seconds.
  path: Assets/ScriptableObjects/Burger.asset
  artifactKey: Guid(f462d4d434ac050428f5757c5f6b2ee8) Importer(815301076,1909f56bfc062723c751e8b465ee728b)
Start importing Assets/ScriptableObjects/Burger.asset using Guid(f462d4d434ac050428f5757c5f6b2ee8) Importer(815301076,1909f56bfc062723c751e8b465ee728b)  -> (artifact id: '173452c7740a0b2a435580bdc0521d59') in 0.003807 seconds 
========================================================================
Received Import Request.
  Time since last request: 0.000185 seconds.
  path: Assets/ScriptableObjects/Muffin.asset
  artifactKey: Guid(f4fbbe0584c869748b24dd83df92a664) Importer(815301076,1909f56bfc062723c751e8b465ee728b)
Start importing Assets/ScriptableObjects/Muffin.asset using Guid(f4fbbe0584c869748b24dd83df92a664) Importer(815301076,1909f56bfc062723c751e8b465ee728b)  -> (artifact id: '146ffee87975f3a64201ea99f1088bdf') in 0.013220 seconds 
========================================================================
Received Import Request.
  Time since last request: 0.000185 seconds.
  path: Assets/ScriptableObjects/Latte.asset
  artifactKey: Guid(6148c4c332de9a84ca75a5beeb49d612) Importer(815301076,1909f56bfc062723c751e8b465ee728b)
Start importing Assets/ScriptableObjects/Latte.asset using Guid(6148c4c332de9a84ca75a5beeb49d612) Importer(815301076,1909f56bfc062723c751e8b465ee728b)  -> (artifact id: '01823650b54182158bcd3e40b2eea569') in 0.007921 seconds 
========================================================================
Received Import Request.
  Time since last request: 0.000161 seconds.
  path: Assets/ScriptableObjects/Coffe.asset
  artifactKey: Guid(3530c0cd07756284fb4e8ad3b01e7f81) Importer(815301076,1909f56bfc062723c751e8b465ee728b)
Start importing Assets/ScriptableObjects/Coffe.asset using Guid(3530c0cd07756284fb4e8ad3b01e7f81) Importer(815301076,1909f56bfc062723c751e8b465ee728b)  -> (artifact id: '5bcc937b49abddf9845944c046d440ab') in 0.013999 seconds 
========================================================================
Received Import Request.
  Time since last request: 0.000162 seconds.
  path: Assets/ScriptableObjects/Pancake.asset
  artifactKey: Guid(e791542887f7957498872aa0bd8454b2) Importer(815301076,1909f56bfc062723c751e8b465ee728b)
Start importing Assets/ScriptableObjects/Pancake.asset using Guid(e791542887f7957498872aa0bd8454b2) Importer(815301076,1909f56bfc062723c751e8b465ee728b)  -> (artifact id: 'd340f9537c6e35466e9d0f11d3887aa1') in 0.016346 seconds 
========================================================================
Received Import Request.
  Time since last request: 88.538427 seconds.
  path: Assets/ScriptableObjects/Bowl of pork.asset
  artifactKey: Guid(bf701103adb5e9e4faa3c519788e68df) Importer(815301076,1909f56bfc062723c751e8b465ee728b)
Start importing Assets/ScriptableObjects/Bowl of pork.asset using Guid(bf701103adb5e9e4faa3c519788e68df) Importer(815301076,1909f56bfc062723c751e8b465ee728b)  -> (artifact id: '4ea11c981a7b69871f3bdd4c1a6a8eb0') in 0.003541 seconds 
========================================================================
Received Import Request.
  Time since last request: 0.000153 seconds.
  path: Assets/ScriptableObjects/Burger.asset
  artifactKey: Guid(f462d4d434ac050428f5757c5f6b2ee8) Importer(815301076,1909f56bfc062723c751e8b465ee728b)
Start importing Assets/ScriptableObjects/Burger.asset using Guid(f462d4d434ac050428f5757c5f6b2ee8) Importer(815301076,1909f56bfc062723c751e8b465ee728b)  -> (artifact id: 'ad3a7c84fd1ae02319ccb453693a9cd9') in 0.048005 seconds 
========================================================================
Received Prepare
Shader 'PointClouds/PointSplat': fallback shader 'PointClouds/PointSplatLegacy' not found
Refreshing native plugins compatible for Editor in 14.06 ms, found 4 plugins.
Preloading 1 native plugins for Editor in 0.10 ms.
Unloading 40 Unused Serialized files (Serialized files now loaded: 0)
System memory in use before: 49.0 MB.
System memory in use after: 49.1 MB.

Unloading 39 unused Assets to reduce memory usage. Loaded Objects now: 2379.
Total: 9.353000 ms (FindLiveObjects: 0.395800 ms CreateObjectMapping: 0.069600 ms MarkObjects: 8.829900 ms  DeleteObjects: 0.056300 ms)

AssetImportParameters requested are different than current active one (requested -> active):
  custom:framework-win-MediaFoundation: 216162199b28c13a410421893ffa2e32 -> 
  custom:video-decoder-ogg-theora: a1e56fd34408186e4bbccfd4996cb3dc -> 
  custom:container-muxer-webm: aa71ff27fc2769a1b78a27578f13a17b -> 
  custom:container-demuxer-webm: 4f35f7cbe854078d1ac9338744f61a02 -> 
  custom:container-demuxer-ogg: 62fdf1f143b41e24485cea50d1cbac27 -> 
  custom:video-encoder-webm-vp8: eb34c28f22e8b96e1ab97ce403110664 -> 
  custom:video-codec-MediaFoundation-h265: 746d11721c4dcdbdad8f713fa42b33f4 -> 
  custom:video-decoder-webm-vp8: 9c59270c3fd7afecdb556c50c9e8de78 -> 
  custom:audio-decoder-ogg-vorbis: bf7c407c2cedff20999df2af8eb42d56 -> 
  custom:audio-encoder-webm-vorbis: bf7c407c2cedff20999df2af8eb42d56 -> 
========================================================================
Received Prepare
Shader 'PointClouds/PointSplat': fallback shader 'PointClouds/PointSplatLegacy' not found
Refreshing native plugins compatible for Editor in 12.93 ms, found 4 plugins.
Preloading 1 native plugins for Editor in 0.09 ms.
Unloading 39 Unused Serialized files (Serialized files now loaded: 0)
System memory in use before: 48.9 MB.
System memory in use after: 49.0 MB.

Unloading 39 unused Assets to reduce memory usage. Loaded Objects now: 2379.
Total: 4.382600 ms (FindLiveObjects: 0.367400 ms CreateObjectMapping: 0.080600 ms MarkObjects: 3.904500 ms  DeleteObjects: 0.029100 ms)

AssetImportParameters requested are different than current active one (requested -> active):
  custom:framework-win-MediaFoundation: 216162199b28c13a410421893ffa2e32 -> 
  custom:video-decoder-ogg-theora: a1e56fd34408186e4bbccfd4996cb3dc -> 
  custom:container-muxer-webm: aa71ff27fc2769a1b78a27578f13a17b -> 
  custom:container-demuxer-webm: 4f35f7cbe854078d1ac9338744f61a02 -> 
  custom:container-demuxer-ogg: 62fdf1f143b41e24485cea50d1cbac27 -> 
  custom:video-encoder-webm-vp8: eb34c28f22e8b96e1ab97ce403110664 -> 
  custom:video-codec-MediaFoundation-h265: 746d11721c4dcdbdad8f713fa42b33f4 -> 
  custom:video-decoder-webm-vp8: 9c59270c3fd7afecdb556c50c9e8de78 -> 
  custom:audio-decoder-ogg-vorbis: bf7c407c2cedff20999df2af8eb42d56 -> 
  custom:audio-encoder-webm-vorbis: bf7c407c2cedff20999df2af8eb42d56 -> 
========================================================================
Received Import Request.
  Time since last request: 551.424233 seconds.
  path: Assets/Prefabs/Burger.prefab
  artifactKey: Guid(b56f43372ae2c4c4db2866aad65bcab8) Importer(815301076,1909f56bfc062723c751e8b465ee728b)
Start importing Assets/Prefabs/Burger.prefab using Guid(b56f43372ae2c4c4db2866aad65bcab8) Importer(815301076,1909f56bfc062723c751e8b465ee728b)  -> (artifact id: '4033cf461cf4781e44d8d4a833865c70') in 0.566715 seconds 
========================================================================
Received Import Request.
  Time since last request: 10.488382 seconds.
  path: Assets/Prefabs/Button.prefab
  artifactKey: Guid(4ce33d08283e21a42a33069dc0c593db) Importer(815301076,1909f56bfc062723c751e8b465ee728b)
Start importing Assets/Prefabs/Button.prefab using Guid(4ce33d08283e21a42a33069dc0c593db) Importer(815301076,1909f56bfc062723c751e8b465ee728b)  -> (artifact id: '3ab4bc645b3ca708718391e3cfdfdf2e') in 0.045784 seconds 
========================================================================
Received Import Request.
  Time since last request: 12.542595 seconds.
  path: Assets/Prefabs/Button.prefab
  artifactKey: Guid(4ce33d08283e21a42a33069dc0c593db) Importer(815301076,1909f56bfc062723c751e8b465ee728b)
Start importing Assets/Prefabs/Button.prefab using Guid(4ce33d08283e21a42a33069dc0c593db) Importer(815301076,1909f56bfc062723c751e8b465ee728b)  -> (artifact id: '623dbb0b7ce193ae16e6d73f3197780a') in 0.003529 seconds 
========================================================================
Received Import Request.
  Time since last request: 1.826707 seconds.
  path: Assets/Prefabs/Button.prefab
  artifactKey: Guid(4ce33d08283e21a42a33069dc0c593db) Importer(815301076,1909f56bfc062723c751e8b465ee728b)
Start importing Assets/Prefabs/Button.prefab using Guid(4ce33d08283e21a42a33069dc0c593db) Importer(815301076,1909f56bfc062723c751e8b465ee728b)  -> (artifact id: 'a6e2e933839d2d214a652f8b9218c815') in 0.003963 seconds 
========================================================================
Received Import Request.
  Time since last request: 11.321759 seconds.
  path: Assets/Prefabs/Button.prefab
  artifactKey: Guid(4ce33d08283e21a42a33069dc0c593db) Importer(815301076,1909f56bfc062723c751e8b465ee728b)
Start importing Assets/Prefabs/Button.prefab using Guid(4ce33d08283e21a42a33069dc0c593db) Importer(815301076,1909f56bfc062723c751e8b465ee728b)  -> (artifact id: '4661f50b46e1c957fa575cef553e2150') in 0.004261 seconds 
========================================================================
Received Import Request.
  Time since last request: 3.221879 seconds.
  path: Assets/Prefabs/Button.prefab
  artifactKey: Guid(4ce33d08283e21a42a33069dc0c593db) Importer(815301076,1909f56bfc062723c751e8b465ee728b)
Start importing Assets/Prefabs/Button.prefab using Guid(4ce33d08283e21a42a33069dc0c593db) Importer(815301076,1909f56bfc062723c751e8b465ee728b)  -> (artifact id: '14c24fd9f8c514037cb6804b8ca5cd5c') in 0.003801 seconds 
========================================================================
Received Import Request.
  Time since last request: 13.766460 seconds.
  path: Assets/Prefabs/Button.prefab
  artifactKey: Guid(4ce33d08283e21a42a33069dc0c593db) Importer(815301076,1909f56bfc062723c751e8b465ee728b)
Start importing Assets/Prefabs/Button.prefab using Guid(4ce33d08283e21a42a33069dc0c593db) Importer(815301076,1909f56bfc062723c751e8b465ee728b)  -> (artifact id: '409e299c8682648ebfd2c1c27981e0df') in 0.004931 seconds 
========================================================================
Received Import Request.
  Time since last request: 10.544515 seconds.
  path: Assets/Prefabs/Button.prefab
  artifactKey: Guid(4ce33d08283e21a42a33069dc0c593db) Importer(815301076,1909f56bfc062723c751e8b465ee728b)
Start importing Assets/Prefabs/Button.prefab using Guid(4ce33d08283e21a42a33069dc0c593db) Importer(815301076,1909f56bfc062723c751e8b465ee728b)  -> (artifact id: 'db4d9f727a52d5c7162b2f57e2f3a58e') in 0.005106 seconds 
========================================================================
Received Import Request.
  Time since last request: 7.255549 seconds.
  path: Assets/Prefabs/Button.prefab
  artifactKey: Guid(4ce33d08283e21a42a33069dc0c593db) Importer(815301076,1909f56bfc062723c751e8b465ee728b)
Start importing Assets/Prefabs/Button.prefab using Guid(4ce33d08283e21a42a33069dc0c593db) Importer(815301076,1909f56bfc062723c751e8b465ee728b)  -> (artifact id: '8eb9122f6c463934e22d6236cf481ec7') in 0.003849 seconds 
========================================================================
Received Import Request.
  Time since last request: 0.598491 seconds.
  path: Assets/Prefabs/Button.prefab
  artifactKey: Guid(4ce33d08283e21a42a33069dc0c593db) Importer(815301076,1909f56bfc062723c751e8b465ee728b)
Start importing Assets/Prefabs/Button.prefab using Guid(4ce33d08283e21a42a33069dc0c593db) Importer(815301076,1909f56bfc062723c751e8b465ee728b)  -> (artifact id: '79705ca0a72b438874b5000bae1fe7db') in 0.003864 seconds 
========================================================================
Received Import Request.
  Time since last request: 7.509219 seconds.
  path: Assets/Prefabs/Button.prefab
  artifactKey: Guid(4ce33d08283e21a42a33069dc0c593db) Importer(815301076,1909f56bfc062723c751e8b465ee728b)
Start importing Assets/Prefabs/Button.prefab using Guid(4ce33d08283e21a42a33069dc0c593db) Importer(815301076,1909f56bfc062723c751e8b465ee728b)  -> (artifact id: 'bda3b2fe1afee822c510806c9749a431') in 0.004585 seconds 
========================================================================
Received Prepare
Shader 'PointClouds/PointSplat': fallback shader 'PointClouds/PointSplatLegacy' not found
Refreshing native plugins compatible for Editor in 11.51 ms, found 4 plugins.
Preloading 1 native plugins for Editor in 0.05 ms.
Unloading 39 Unused Serialized files (Serialized files now loaded: 0)
System memory in use before: 49.4 MB.
System memory in use after: 49.6 MB.

Unloading 40 unused Assets to reduce memory usage. Loaded Objects now: 2381.
Total: 3.415100 ms (FindLiveObjects: 0.186000 ms CreateObjectMapping: 0.045100 ms MarkObjects: 3.149200 ms  DeleteObjects: 0.034400 ms)

AssetImportParameters requested are different than current active one (requested -> active):
  custom:framework-win-MediaFoundation: 216162199b28c13a410421893ffa2e32 -> 
  custom:video-decoder-ogg-theora: a1e56fd34408186e4bbccfd4996cb3dc -> 
  custom:container-muxer-webm: aa71ff27fc2769a1b78a27578f13a17b -> 
  custom:container-demuxer-webm: 4f35f7cbe854078d1ac9338744f61a02 -> 
  custom:container-demuxer-ogg: 62fdf1f143b41e24485cea50d1cbac27 -> 
  custom:video-encoder-webm-vp8: eb34c28f22e8b96e1ab97ce403110664 -> 
  custom:video-codec-MediaFoundation-h265: 746d11721c4dcdbdad8f713fa42b33f4 -> 
  custom:video-decoder-webm-vp8: 9c59270c3fd7afecdb556c50c9e8de78 -> 
  custom:audio-decoder-ogg-vorbis: bf7c407c2cedff20999df2af8eb42d56 -> 
  custom:audio-encoder-webm-vorbis: bf7c407c2cedff20999df2af8eb42d56 -> 
AssetImportWorkerClient::OnTransportError - code=2 error=End of file
